ncelab(64): 15.20-s079: (c) Copyright 1995-2019 Cadence Design Systems, Inc.
TOOL:	ncelab(64)	15.20-s079: Started on Dec 02, 2025 at 16:06:36 PST
ncelab
    -ACCESS +rwc
    -NCFATAL INVSUP
    -NCFATAL CUNOTB
    -ERRORMAX 5
    -UPDATE
    -MESSAGES
    -TIMESCALE 1ns/10ps
    -LIBVERBOSE
    work.tb_syn

	Elaborating the design hierarchy:
Resolving design unit 'cardinal_nic' at 'tb_syn.uut'.
		Caching library 'work' ....... Done
	library: 'work' views: 'module' -> found
Resolved design unit 'cardinal_nic' at 'tb_syn.uut' to 'work.cardinal_nic:module'.
Resolving design unit 'DFFPOSX1' at 'tb_syn.uut@cardinal_nic<module>.out_status_reg'.
	library: 'work' views: 'module' -> found
Resolved design unit 'DFFPOSX1' at 'tb_syn.uut@cardinal_nic<module>.out_status_reg' to 'work.DFFPOSX1:module'.
Resolving design unit 'udp_dff' at 'tb_syn.uut@cardinal_nic<module>.out_status_reg@DFFPOSX1<module>'.
	library: 'work' views: 'module' 'udp' -> found
Resolved design unit 'udp_dff' at 'tb_syn.uut@cardinal_nic<module>.out_status_reg@DFFPOSX1<module>' to 'work.udp_dff:udp'.
Resolved design unit 'DFFPOSX1' at 'tb_syn.uut@cardinal_nic<module>.net_do_reg_63_' to 'work.DFFPOSX1:module'.
Resolved design unit 'udp_dff' at 'tb_syn.uut@cardinal_nic<module>.net_do_reg_63_@DFFPOSX1<module>' to 'work.udp_dff:udp'.
Resolved design unit 'DFFPOSX1' at 'tb_syn.uut@cardinal_nic<module>.net_do_reg_0_' to 'work.DFFPOSX1:module'.
Resolved design unit 'udp_dff' at 'tb_syn.uut@cardinal_nic<module>.net_do_reg_0_@DFFPOSX1<module>' to 'work.udp_dff:udp'.
Resolved design unit 'DFFPOSX1' at 'tb_syn.uut@cardinal_nic<module>.net_do_reg_1_' to 'work.DFFPOSX1:module'.
Resolved design unit 'udp_dff' at 'tb_syn.uut@cardinal_nic<module>.net_do_reg_1_@DFFPOSX1<module>' to 'work.udp_dff:udp'.
Resolved design unit 'DFFPOSX1' at 'tb_syn.uut@cardinal_nic<module>.net_do_reg_2_' to 'work.DFFPOSX1:module'.
Resolved design unit 'udp_dff' at 'tb_syn.uut@cardinal_nic<module>.net_do_reg_2_@DFFPOSX1<module>' to 'work.udp_dff:udp'.
Resolved design unit 'DFFPOSX1' at 'tb_syn.uut@cardinal_nic<module>.net_do_reg_3_' to 'work.DFFPOSX1:module'.
Resolved design unit 'udp_dff' at 'tb_syn.uut@cardinal_nic<module>.net_do_reg_3_@DFFPOSX1<module>' to 'work.udp_dff:udp'.
Resolved design unit 'DFFPOSX1' at 'tb_syn.uut@cardinal_nic<module>.net_do_reg_4_' to 'work.DFFPOSX1:module'.
Resolved design unit 'udp_dff' at 'tb_syn.uut@cardinal_nic<module>.net_do_reg_4_@DFFPOSX1<module>' to 'work.udp_dff:udp'.
Resolved design unit 'DFFPOSX1' at 'tb_syn.uut@cardinal_nic<module>.net_do_reg_5_' to 'work.DFFPOSX1:module'.
Resolved design unit 'udp_dff' at 'tb_syn.uut@cardinal_nic<module>.net_do_reg_5_@DFFPOSX1<module>' to 'work.udp_dff:udp'.
Resolved design unit 'DFFPOSX1' at 'tb_syn.uut@cardinal_nic<module>.net_do_reg_6_' to 'work.DFFPOSX1:module'.
Resolved design unit 'udp_dff' at 'tb_syn.uut@cardinal_nic<module>.net_do_reg_6_@DFFPOSX1<module>' to 'work.udp_dff:udp'.
Resolved design unit 'DFFPOSX1' at 'tb_syn.uut@cardinal_nic<module>.net_do_reg_7_' to 'work.DFFPOSX1:module'.
Resolved design unit 'udp_dff' at 'tb_syn.uut@cardinal_nic<module>.net_do_reg_7_@DFFPOSX1<module>' to 'work.udp_dff:udp'.
Resolved design unit 'DFFPOSX1' at 'tb_syn.uut@cardinal_nic<module>.net_do_reg_8_' to 'work.DFFPOSX1:module'.
Resolved design unit 'udp_dff' at 'tb_syn.uut@cardinal_nic<module>.net_do_reg_8_@DFFPOSX1<module>' to 'work.udp_dff:udp'.
Resolved design unit 'DFFPOSX1' at 'tb_syn.uut@cardinal_nic<module>.net_do_reg_9_' to 'work.DFFPOSX1:module'.
Resolved design unit 'udp_dff' at 'tb_syn.uut@cardinal_nic<module>.net_do_reg_9_@DFFPOSX1<module>' to 'work.udp_dff:udp'.
Resolved design unit 'DFFPOSX1' at 'tb_syn.uut@cardinal_nic<module>.net_do_reg_10_' to 'work.DFFPOSX1:module'.
Resolved design unit 'udp_dff' at 'tb_syn.uut@cardinal_nic<module>.net_do_reg_10_@DFFPOSX1<module>' to 'work.udp_dff:udp'.
Resolved design unit 'DFFPOSX1' at 'tb_syn.uut@cardinal_nic<module>.net_do_reg_11_' to 'work.DFFPOSX1:module'.
Resolved design unit 'udp_dff' at 'tb_syn.uut@cardinal_nic<module>.net_do_reg_11_@DFFPOSX1<module>' to 'work.udp_dff:udp'.
Resolved design unit 'DFFPOSX1' at 'tb_syn.uut@cardinal_nic<module>.net_do_reg_12_' to 'work.DFFPOSX1:module'.
Resolved design unit 'udp_dff' at 'tb_syn.uut@cardinal_nic<module>.net_do_reg_12_@DFFPOSX1<module>' to 'work.udp_dff:udp'.
Resolved design unit 'DFFPOSX1' at 'tb_syn.uut@cardinal_nic<module>.net_do_reg_13_' to 'work.DFFPOSX1:module'.
Resolved design unit 'udp_dff' at 'tb_syn.uut@cardinal_nic<module>.net_do_reg_13_@DFFPOSX1<module>' to 'work.udp_dff:udp'.
Resolved design unit 'DFFPOSX1' at 'tb_syn.uut@cardinal_nic<module>.net_do_reg_14_' to 'work.DFFPOSX1:module'.
Resolved design unit 'udp_dff' at 'tb_syn.uut@cardinal_nic<module>.net_do_reg_14_@DFFPOSX1<module>' to 'work.udp_dff:udp'.
Resolved design unit 'DFFPOSX1' at 'tb_syn.uut@cardinal_nic<module>.net_do_reg_15_' to 'work.DFFPOSX1:module'.
Resolved design unit 'udp_dff' at 'tb_syn.uut@cardinal_nic<module>.net_do_reg_15_@DFFPOSX1<module>' to 'work.udp_dff:udp'.
Resolved design unit 'DFFPOSX1' at 'tb_syn.uut@cardinal_nic<module>.net_do_reg_16_' to 'work.DFFPOSX1:module'.
Resolved design unit 'udp_dff' at 'tb_syn.uut@cardinal_nic<module>.net_do_reg_16_@DFFPOSX1<module>' to 'work.udp_dff:udp'.
Resolved design unit 'DFFPOSX1' at 'tb_syn.uut@cardinal_nic<module>.net_do_reg_17_' to 'work.DFFPOSX1:module'.
Resolved design unit 'udp_dff' at 'tb_syn.uut@cardinal_nic<module>.net_do_reg_17_@DFFPOSX1<module>' to 'work.udp_dff:udp'.
Resolved design unit 'DFFPOSX1' at 'tb_syn.uut@cardinal_nic<module>.net_do_reg_18_' to 'work.DFFPOSX1:module'.
Resolved design unit 'udp_dff' at 'tb_syn.uut@cardinal_nic<module>.net_do_reg_18_@DFFPOSX1<module>' to 'work.udp_dff:udp'.
Resolved design unit 'DFFPOSX1' at 'tb_syn.uut@cardinal_nic<module>.net_do_reg_19_' to 'work.DFFPOSX1:module'.
Resolved design unit 'udp_dff' at 'tb_syn.uut@cardinal_nic<module>.net_do_reg_19_@DFFPOSX1<module>' to 'work.udp_dff:udp'.
Resolved design unit 'DFFPOSX1' at 'tb_syn.uut@cardinal_nic<module>.net_do_reg_20_' to 'work.DFFPOSX1:module'.
Resolved design unit 'udp_dff' at 'tb_syn.uut@cardinal_nic<module>.net_do_reg_20_@DFFPOSX1<module>' to 'work.udp_dff:udp'.
Resolved design unit 'DFFPOSX1' at 'tb_syn.uut@cardinal_nic<module>.net_do_reg_21_' to 'work.DFFPOSX1:module'.
Resolved design unit 'udp_dff' at 'tb_syn.uut@cardinal_nic<module>.net_do_reg_21_@DFFPOSX1<module>' to 'work.udp_dff:udp'.
Resolved design unit 'DFFPOSX1' at 'tb_syn.uut@cardinal_nic<module>.net_do_reg_22_' to 'work.DFFPOSX1:module'.
Resolved design unit 'udp_dff' at 'tb_syn.uut@cardinal_nic<module>.net_do_reg_22_@DFFPOSX1<module>' to 'work.udp_dff:udp'.
Resolved design unit 'DFFPOSX1' at 'tb_syn.uut@cardinal_nic<module>.net_do_reg_23_' to 'work.DFFPOSX1:module'.
Resolved design unit 'udp_dff' at 'tb_syn.uut@cardinal_nic<module>.net_do_reg_23_@DFFPOSX1<module>' to 'work.udp_dff:udp'.
Resolved design unit 'DFFPOSX1' at 'tb_syn.uut@cardinal_nic<module>.net_do_reg_24_' to 'work.DFFPOSX1:module'.
Resolved design unit 'udp_dff' at 'tb_syn.uut@cardinal_nic<module>.net_do_reg_24_@DFFPOSX1<module>' to 'work.udp_dff:udp'.
Resolved design unit 'DFFPOSX1' at 'tb_syn.uut@cardinal_nic<module>.net_do_reg_25_' to 'work.DFFPOSX1:module'.
Resolved design unit 'udp_dff' at 'tb_syn.uut@cardinal_nic<module>.net_do_reg_25_@DFFPOSX1<module>' to 'work.udp_dff:udp'.
Resolved design unit 'DFFPOSX1' at 'tb_syn.uut@cardinal_nic<module>.net_do_reg_26_' to 'work.DFFPOSX1:module'.
Resolved design unit 'udp_dff' at 'tb_syn.uut@cardinal_nic<module>.net_do_reg_26_@DFFPOSX1<module>' to 'work.udp_dff:udp'.
Resolved design unit 'DFFPOSX1' at 'tb_syn.uut@cardinal_nic<module>.net_do_reg_27_' to 'work.DFFPOSX1:module'.
Resolved design unit 'udp_dff' at 'tb_syn.uut@cardinal_nic<module>.net_do_reg_27_@DFFPOSX1<module>' to 'work.udp_dff:udp'.
Resolved design unit 'DFFPOSX1' at 'tb_syn.uut@cardinal_nic<module>.net_do_reg_28_' to 'work.DFFPOSX1:module'.
Resolved design unit 'udp_dff' at 'tb_syn.uut@cardinal_nic<module>.net_do_reg_28_@DFFPOSX1<module>' to 'work.udp_dff:udp'.
Resolved design unit 'DFFPOSX1' at 'tb_syn.uut@cardinal_nic<module>.net_do_reg_29_' to 'work.DFFPOSX1:module'.
Resolved design unit 'udp_dff' at 'tb_syn.uut@cardinal_nic<module>.net_do_reg_29_@DFFPOSX1<module>' to 'work.udp_dff:udp'.
Resolved design unit 'DFFPOSX1' at 'tb_syn.uut@cardinal_nic<module>.net_do_reg_30_' to 'work.DFFPOSX1:module'.
Resolved design unit 'udp_dff' at 'tb_syn.uut@cardinal_nic<module>.net_do_reg_30_@DFFPOSX1<module>' to 'work.udp_dff:udp'.
Resolved design unit 'DFFPOSX1' at 'tb_syn.uut@cardinal_nic<module>.net_do_reg_31_' to 'work.DFFPOSX1:module'.
Resolved design unit 'udp_dff' at 'tb_syn.uut@cardinal_nic<module>.net_do_reg_31_@DFFPOSX1<module>' to 'work.udp_dff:udp'.
Resolved design unit 'DFFPOSX1' at 'tb_syn.uut@cardinal_nic<module>.net_do_reg_32_' to 'work.DFFPOSX1:module'.
Resolved design unit 'udp_dff' at 'tb_syn.uut@cardinal_nic<module>.net_do_reg_32_@DFFPOSX1<module>' to 'work.udp_dff:udp'.
Resolved design unit 'DFFPOSX1' at 'tb_syn.uut@cardinal_nic<module>.net_do_reg_33_' to 'work.DFFPOSX1:module'.
Resolved design unit 'udp_dff' at 'tb_syn.uut@cardinal_nic<module>.net_do_reg_33_@DFFPOSX1<module>' to 'work.udp_dff:udp'.
Resolved design unit 'DFFPOSX1' at 'tb_syn.uut@cardinal_nic<module>.net_do_reg_34_' to 'work.DFFPOSX1:module'.
Resolved design unit 'udp_dff' at 'tb_syn.uut@cardinal_nic<module>.net_do_reg_34_@DFFPOSX1<module>' to 'work.udp_dff:udp'.
Resolved design unit 'DFFPOSX1' at 'tb_syn.uut@cardinal_nic<module>.net_do_reg_35_' to 'work.DFFPOSX1:module'.
Resolved design unit 'udp_dff' at 'tb_syn.uut@cardinal_nic<module>.net_do_reg_35_@DFFPOSX1<module>' to 'work.udp_dff:udp'.
Resolved design unit 'DFFPOSX1' at 'tb_syn.uut@cardinal_nic<module>.net_do_reg_36_' to 'work.DFFPOSX1:module'.
Resolved design unit 'udp_dff' at 'tb_syn.uut@cardinal_nic<module>.net_do_reg_36_@DFFPOSX1<module>' to 'work.udp_dff:udp'.
Resolved design unit 'DFFPOSX1' at 'tb_syn.uut@cardinal_nic<module>.net_do_reg_37_' to 'work.DFFPOSX1:module'.
Resolved design unit 'udp_dff' at 'tb_syn.uut@cardinal_nic<module>.net_do_reg_37_@DFFPOSX1<module>' to 'work.udp_dff:udp'.
Resolved design unit 'DFFPOSX1' at 'tb_syn.uut@cardinal_nic<module>.net_do_reg_38_' to 'work.DFFPOSX1:module'.
Resolved design unit 'udp_dff' at 'tb_syn.uut@cardinal_nic<module>.net_do_reg_38_@DFFPOSX1<module>' to 'work.udp_dff:udp'.
Resolved design unit 'DFFPOSX1' at 'tb_syn.uut@cardinal_nic<module>.net_do_reg_39_' to 'work.DFFPOSX1:module'.
Resolved design unit 'udp_dff' at 'tb_syn.uut@cardinal_nic<module>.net_do_reg_39_@DFFPOSX1<module>' to 'work.udp_dff:udp'.
Resolved design unit 'DFFPOSX1' at 'tb_syn.uut@cardinal_nic<module>.net_do_reg_40_' to 'work.DFFPOSX1:module'.
Resolved design unit 'udp_dff' at 'tb_syn.uut@cardinal_nic<module>.net_do_reg_40_@DFFPOSX1<module>' to 'work.udp_dff:udp'.
Resolved design unit 'DFFPOSX1' at 'tb_syn.uut@cardinal_nic<module>.net_do_reg_41_' to 'work.DFFPOSX1:module'.
Resolved design unit 'udp_dff' at 'tb_syn.uut@cardinal_nic<module>.net_do_reg_41_@DFFPOSX1<module>' to 'work.udp_dff:udp'.
Resolved design unit 'DFFPOSX1' at 'tb_syn.uut@cardinal_nic<module>.net_do_reg_42_' to 'work.DFFPOSX1:module'.
Resolved design unit 'udp_dff' at 'tb_syn.uut@cardinal_nic<module>.net_do_reg_42_@DFFPOSX1<module>' to 'work.udp_dff:udp'.
Resolved design unit 'DFFPOSX1' at 'tb_syn.uut@cardinal_nic<module>.net_do_reg_43_' to 'work.DFFPOSX1:module'.
Resolved design unit 'udp_dff' at 'tb_syn.uut@cardinal_nic<module>.net_do_reg_43_@DFFPOSX1<module>' to 'work.udp_dff:udp'.
Resolved design unit 'DFFPOSX1' at 'tb_syn.uut@cardinal_nic<module>.net_do_reg_44_' to 'work.DFFPOSX1:module'.
Resolved design unit 'udp_dff' at 'tb_syn.uut@cardinal_nic<module>.net_do_reg_44_@DFFPOSX1<module>' to 'work.udp_dff:udp'.
Resolved design unit 'DFFPOSX1' at 'tb_syn.uut@cardinal_nic<module>.net_do_reg_45_' to 'work.DFFPOSX1:module'.
Resolved design unit 'udp_dff' at 'tb_syn.uut@cardinal_nic<module>.net_do_reg_45_@DFFPOSX1<module>' to 'work.udp_dff:udp'.
Resolved design unit 'DFFPOSX1' at 'tb_syn.uut@cardinal_nic<module>.net_do_reg_46_' to 'work.DFFPOSX1:module'.
Resolved design unit 'udp_dff' at 'tb_syn.uut@cardinal_nic<module>.net_do_reg_46_@DFFPOSX1<module>' to 'work.udp_dff:udp'.
Resolved design unit 'DFFPOSX1' at 'tb_syn.uut@cardinal_nic<module>.net_do_reg_47_' to 'work.DFFPOSX1:module'.
Resolved design unit 'udp_dff' at 'tb_syn.uut@cardinal_nic<module>.net_do_reg_47_@DFFPOSX1<module>' to 'work.udp_dff:udp'.
Resolved design unit 'DFFPOSX1' at 'tb_syn.uut@cardinal_nic<module>.net_do_reg_48_' to 'work.DFFPOSX1:module'.
Resolved design unit 'udp_dff' at 'tb_syn.uut@cardinal_nic<module>.net_do_reg_48_@DFFPOSX1<module>' to 'work.udp_dff:udp'.
Resolved design unit 'DFFPOSX1' at 'tb_syn.uut@cardinal_nic<module>.net_do_reg_49_' to 'work.DFFPOSX1:module'.
Resolved design unit 'udp_dff' at 'tb_syn.uut@cardinal_nic<module>.net_do_reg_49_@DFFPOSX1<module>' to 'work.udp_dff:udp'.
Resolved design unit 'DFFPOSX1' at 'tb_syn.uut@cardinal_nic<module>.net_do_reg_50_' to 'work.DFFPOSX1:module'.
Resolved design unit 'udp_dff' at 'tb_syn.uut@cardinal_nic<module>.net_do_reg_50_@DFFPOSX1<module>' to 'work.udp_dff:udp'.
Resolved design unit 'DFFPOSX1' at 'tb_syn.uut@cardinal_nic<module>.net_do_reg_51_' to 'work.DFFPOSX1:module'.
Resolved design unit 'udp_dff' at 'tb_syn.uut@cardinal_nic<module>.net_do_reg_51_@DFFPOSX1<module>' to 'work.udp_dff:udp'.
Resolved design unit 'DFFPOSX1' at 'tb_syn.uut@cardinal_nic<module>.net_do_reg_52_' to 'work.DFFPOSX1:module'.
Resolved design unit 'udp_dff' at 'tb_syn.uut@cardinal_nic<module>.net_do_reg_52_@DFFPOSX1<module>' to 'work.udp_dff:udp'.
Resolved design unit 'DFFPOSX1' at 'tb_syn.uut@cardinal_nic<module>.net_do_reg_53_' to 'work.DFFPOSX1:module'.
Resolved design unit 'udp_dff' at 'tb_syn.uut@cardinal_nic<module>.net_do_reg_53_@DFFPOSX1<module>' to 'work.udp_dff:udp'.
Resolved design unit 'DFFPOSX1' at 'tb_syn.uut@cardinal_nic<module>.net_do_reg_54_' to 'work.DFFPOSX1:module'.
Resolved design unit 'udp_dff' at 'tb_syn.uut@cardinal_nic<module>.net_do_reg_54_@DFFPOSX1<module>' to 'work.udp_dff:udp'.
Resolved design unit 'DFFPOSX1' at 'tb_syn.uut@cardinal_nic<module>.net_do_reg_55_' to 'work.DFFPOSX1:module'.
Resolved design unit 'udp_dff' at 'tb_syn.uut@cardinal_nic<module>.net_do_reg_55_@DFFPOSX1<module>' to 'work.udp_dff:udp'.
Resolved design unit 'DFFPOSX1' at 'tb_syn.uut@cardinal_nic<module>.net_do_reg_56_' to 'work.DFFPOSX1:module'.
Resolved design unit 'udp_dff' at 'tb_syn.uut@cardinal_nic<module>.net_do_reg_56_@DFFPOSX1<module>' to 'work.udp_dff:udp'.
Resolved design unit 'DFFPOSX1' at 'tb_syn.uut@cardinal_nic<module>.net_do_reg_57_' to 'work.DFFPOSX1:module'.
Resolved design unit 'udp_dff' at 'tb_syn.uut@cardinal_nic<module>.net_do_reg_57_@DFFPOSX1<module>' to 'work.udp_dff:udp'.
Resolved design unit 'DFFPOSX1' at 'tb_syn.uut@cardinal_nic<module>.net_do_reg_58_' to 'work.DFFPOSX1:module'.
Resolved design unit 'udp_dff' at 'tb_syn.uut@cardinal_nic<module>.net_do_reg_58_@DFFPOSX1<module>' to 'work.udp_dff:udp'.
Resolved design unit 'DFFPOSX1' at 'tb_syn.uut@cardinal_nic<module>.net_do_reg_59_' to 'work.DFFPOSX1:module'.
Resolved design unit 'udp_dff' at 'tb_syn.uut@cardinal_nic<module>.net_do_reg_59_@DFFPOSX1<module>' to 'work.udp_dff:udp'.
Resolved design unit 'DFFPOSX1' at 'tb_syn.uut@cardinal_nic<module>.net_do_reg_60_' to 'work.DFFPOSX1:module'.
Resolved design unit 'udp_dff' at 'tb_syn.uut@cardinal_nic<module>.net_do_reg_60_@DFFPOSX1<module>' to 'work.udp_dff:udp'.
Resolved design unit 'DFFPOSX1' at 'tb_syn.uut@cardinal_nic<module>.net_do_reg_61_' to 'work.DFFPOSX1:module'.
Resolved design unit 'udp_dff' at 'tb_syn.uut@cardinal_nic<module>.net_do_reg_61_@DFFPOSX1<module>' to 'work.udp_dff:udp'.
Resolved design unit 'DFFPOSX1' at 'tb_syn.uut@cardinal_nic<module>.net_do_reg_62_' to 'work.DFFPOSX1:module'.
Resolved design unit 'udp_dff' at 'tb_syn.uut@cardinal_nic<module>.net_do_reg_62_@DFFPOSX1<module>' to 'work.udp_dff:udp'.
Resolved design unit 'DFFPOSX1' at 'tb_syn.uut@cardinal_nic<module>.in_status_reg' to 'work.DFFPOSX1:module'.
Resolved design unit 'udp_dff' at 'tb_syn.uut@cardinal_nic<module>.in_status_reg@DFFPOSX1<module>' to 'work.udp_dff:udp'.
Resolved design unit 'DFFPOSX1' at 'tb_syn.uut@cardinal_nic<module>.input_channel_buf_out_reg_0_' to 'work.DFFPOSX1:module'.
Resolved design unit 'udp_dff' at 'tb_syn.uut@cardinal_nic<module>.input_channel_buf_out_reg_0_@DFFPOSX1<module>' to 'work.udp_dff:udp'.
Resolved design unit 'DFFPOSX1' at 'tb_syn.uut@cardinal_nic<module>.input_channel_buf_out_reg_1_' to 'work.DFFPOSX1:module'.
Resolved design unit 'udp_dff' at 'tb_syn.uut@cardinal_nic<module>.input_channel_buf_out_reg_1_@DFFPOSX1<module>' to 'work.udp_dff:udp'.
Resolved design unit 'DFFPOSX1' at 'tb_syn.uut@cardinal_nic<module>.input_channel_buf_out_reg_2_' to 'work.DFFPOSX1:module'.
Resolved design unit 'udp_dff' at 'tb_syn.uut@cardinal_nic<module>.input_channel_buf_out_reg_2_@DFFPOSX1<module>' to 'work.udp_dff:udp'.
Resolved design unit 'DFFPOSX1' at 'tb_syn.uut@cardinal_nic<module>.input_channel_buf_out_reg_3_' to 'work.DFFPOSX1:module'.
Resolved design unit 'udp_dff' at 'tb_syn.uut@cardinal_nic<module>.input_channel_buf_out_reg_3_@DFFPOSX1<module>' to 'work.udp_dff:udp'.
Resolved design unit 'DFFPOSX1' at 'tb_syn.uut@cardinal_nic<module>.input_channel_buf_out_reg_4_' to 'work.DFFPOSX1:module'.
Resolved design unit 'udp_dff' at 'tb_syn.uut@cardinal_nic<module>.input_channel_buf_out_reg_4_@DFFPOSX1<module>' to 'work.udp_dff:udp'.
Resolved design unit 'DFFPOSX1' at 'tb_syn.uut@cardinal_nic<module>.input_channel_buf_out_reg_5_' to 'work.DFFPOSX1:module'.
Resolved design unit 'udp_dff' at 'tb_syn.uut@cardinal_nic<module>.input_channel_buf_out_reg_5_@DFFPOSX1<module>' to 'work.udp_dff:udp'.
Resolved design unit 'DFFPOSX1' at 'tb_syn.uut@cardinal_nic<module>.input_channel_buf_out_reg_6_' to 'work.DFFPOSX1:module'.
Resolved design unit 'udp_dff' at 'tb_syn.uut@cardinal_nic<module>.input_channel_buf_out_reg_6_@DFFPOSX1<module>' to 'work.udp_dff:udp'.
Resolved design unit 'DFFPOSX1' at 'tb_syn.uut@cardinal_nic<module>.input_channel_buf_out_reg_7_' to 'work.DFFPOSX1:module'.
Resolved design unit 'udp_dff' at 'tb_syn.uut@cardinal_nic<module>.input_channel_buf_out_reg_7_@DFFPOSX1<module>' to 'work.udp_dff:udp'.
Resolved design unit 'DFFPOSX1' at 'tb_syn.uut@cardinal_nic<module>.input_channel_buf_out_reg_8_' to 'work.DFFPOSX1:module'.
Resolved design unit 'udp_dff' at 'tb_syn.uut@cardinal_nic<module>.input_channel_buf_out_reg_8_@DFFPOSX1<module>' to 'work.udp_dff:udp'.
Resolved design unit 'DFFPOSX1' at 'tb_syn.uut@cardinal_nic<module>.input_channel_buf_out_reg_9_' to 'work.DFFPOSX1:module'.
Resolved design unit 'udp_dff' at 'tb_syn.uut@cardinal_nic<module>.input_channel_buf_out_reg_9_@DFFPOSX1<module>' to 'work.udp_dff:udp'.
Resolved design unit 'DFFPOSX1' at 'tb_syn.uut@cardinal_nic<module>.input_channel_buf_out_reg_10_' to 'work.DFFPOSX1:module'.
Resolved design unit 'udp_dff' at 'tb_syn.uut@cardinal_nic<module>.input_channel_buf_out_reg_10_@DFFPOSX1<module>' to 'work.udp_dff:udp'.
Resolved design unit 'DFFPOSX1' at 'tb_syn.uut@cardinal_nic<module>.input_channel_buf_out_reg_11_' to 'work.DFFPOSX1:module'.
Resolved design unit 'udp_dff' at 'tb_syn.uut@cardinal_nic<module>.input_channel_buf_out_reg_11_@DFFPOSX1<module>' to 'work.udp_dff:udp'.
Resolved design unit 'DFFPOSX1' at 'tb_syn.uut@cardinal_nic<module>.input_channel_buf_out_reg_12_' to 'work.DFFPOSX1:module'.
Resolved design unit 'udp_dff' at 'tb_syn.uut@cardinal_nic<module>.input_channel_buf_out_reg_12_@DFFPOSX1<module>' to 'work.udp_dff:udp'.
Resolved design unit 'DFFPOSX1' at 'tb_syn.uut@cardinal_nic<module>.input_channel_buf_out_reg_13_' to 'work.DFFPOSX1:module'.
Resolved design unit 'udp_dff' at 'tb_syn.uut@cardinal_nic<module>.input_channel_buf_out_reg_13_@DFFPOSX1<module>' to 'work.udp_dff:udp'.
Resolved design unit 'DFFPOSX1' at 'tb_syn.uut@cardinal_nic<module>.input_channel_buf_out_reg_14_' to 'work.DFFPOSX1:module'.
Resolved design unit 'udp_dff' at 'tb_syn.uut@cardinal_nic<module>.input_channel_buf_out_reg_14_@DFFPOSX1<module>' to 'work.udp_dff:udp'.
Resolved design unit 'DFFPOSX1' at 'tb_syn.uut@cardinal_nic<module>.input_channel_buf_out_reg_15_' to 'work.DFFPOSX1:module'.
Resolved design unit 'udp_dff' at 'tb_syn.uut@cardinal_nic<module>.input_channel_buf_out_reg_15_@DFFPOSX1<module>' to 'work.udp_dff:udp'.
Resolved design unit 'DFFPOSX1' at 'tb_syn.uut@cardinal_nic<module>.input_channel_buf_out_reg_16_' to 'work.DFFPOSX1:module'.
Resolved design unit 'udp_dff' at 'tb_syn.uut@cardinal_nic<module>.input_channel_buf_out_reg_16_@DFFPOSX1<module>' to 'work.udp_dff:udp'.
Resolved design unit 'DFFPOSX1' at 'tb_syn.uut@cardinal_nic<module>.input_channel_buf_out_reg_17_' to 'work.DFFPOSX1:module'.
Resolved design unit 'udp_dff' at 'tb_syn.uut@cardinal_nic<module>.input_channel_buf_out_reg_17_@DFFPOSX1<module>' to 'work.udp_dff:udp'.
Resolved design unit 'DFFPOSX1' at 'tb_syn.uut@cardinal_nic<module>.input_channel_buf_out_reg_18_' to 'work.DFFPOSX1:module'.
Resolved design unit 'udp_dff' at 'tb_syn.uut@cardinal_nic<module>.input_channel_buf_out_reg_18_@DFFPOSX1<module>' to 'work.udp_dff:udp'.
Resolved design unit 'DFFPOSX1' at 'tb_syn.uut@cardinal_nic<module>.input_channel_buf_out_reg_19_' to 'work.DFFPOSX1:module'.
Resolved design unit 'udp_dff' at 'tb_syn.uut@cardinal_nic<module>.input_channel_buf_out_reg_19_@DFFPOSX1<module>' to 'work.udp_dff:udp'.
Resolved design unit 'DFFPOSX1' at 'tb_syn.uut@cardinal_nic<module>.input_channel_buf_out_reg_20_' to 'work.DFFPOSX1:module'.
Resolved design unit 'udp_dff' at 'tb_syn.uut@cardinal_nic<module>.input_channel_buf_out_reg_20_@DFFPOSX1<module>' to 'work.udp_dff:udp'.
Resolved design unit 'DFFPOSX1' at 'tb_syn.uut@cardinal_nic<module>.input_channel_buf_out_reg_21_' to 'work.DFFPOSX1:module'.
Resolved design unit 'udp_dff' at 'tb_syn.uut@cardinal_nic<module>.input_channel_buf_out_reg_21_@DFFPOSX1<module>' to 'work.udp_dff:udp'.
Resolved design unit 'DFFPOSX1' at 'tb_syn.uut@cardinal_nic<module>.input_channel_buf_out_reg_22_' to 'work.DFFPOSX1:module'.
Resolved design unit 'udp_dff' at 'tb_syn.uut@cardinal_nic<module>.input_channel_buf_out_reg_22_@DFFPOSX1<module>' to 'work.udp_dff:udp'.
Resolved design unit 'DFFPOSX1' at 'tb_syn.uut@cardinal_nic<module>.input_channel_buf_out_reg_23_' to 'work.DFFPOSX1:module'.
Resolved design unit 'udp_dff' at 'tb_syn.uut@cardinal_nic<module>.input_channel_buf_out_reg_23_@DFFPOSX1<module>' to 'work.udp_dff:udp'.
Resolved design unit 'DFFPOSX1' at 'tb_syn.uut@cardinal_nic<module>.input_channel_buf_out_reg_24_' to 'work.DFFPOSX1:module'.
Resolved design unit 'udp_dff' at 'tb_syn.uut@cardinal_nic<module>.input_channel_buf_out_reg_24_@DFFPOSX1<module>' to 'work.udp_dff:udp'.
Resolved design unit 'DFFPOSX1' at 'tb_syn.uut@cardinal_nic<module>.input_channel_buf_out_reg_25_' to 'work.DFFPOSX1:module'.
Resolved design unit 'udp_dff' at 'tb_syn.uut@cardinal_nic<module>.input_channel_buf_out_reg_25_@DFFPOSX1<module>' to 'work.udp_dff:udp'.
Resolved design unit 'DFFPOSX1' at 'tb_syn.uut@cardinal_nic<module>.input_channel_buf_out_reg_26_' to 'work.DFFPOSX1:module'.
Resolved design unit 'udp_dff' at 'tb_syn.uut@cardinal_nic<module>.input_channel_buf_out_reg_26_@DFFPOSX1<module>' to 'work.udp_dff:udp'.
Resolved design unit 'DFFPOSX1' at 'tb_syn.uut@cardinal_nic<module>.input_channel_buf_out_reg_27_' to 'work.DFFPOSX1:module'.
Resolved design unit 'udp_dff' at 'tb_syn.uut@cardinal_nic<module>.input_channel_buf_out_reg_27_@DFFPOSX1<module>' to 'work.udp_dff:udp'.
Resolved design unit 'DFFPOSX1' at 'tb_syn.uut@cardinal_nic<module>.input_channel_buf_out_reg_28_' to 'work.DFFPOSX1:module'.
Resolved design unit 'udp_dff' at 'tb_syn.uut@cardinal_nic<module>.input_channel_buf_out_reg_28_@DFFPOSX1<module>' to 'work.udp_dff:udp'.
Resolved design unit 'DFFPOSX1' at 'tb_syn.uut@cardinal_nic<module>.input_channel_buf_out_reg_29_' to 'work.DFFPOSX1:module'.
Resolved design unit 'udp_dff' at 'tb_syn.uut@cardinal_nic<module>.input_channel_buf_out_reg_29_@DFFPOSX1<module>' to 'work.udp_dff:udp'.
Resolved design unit 'DFFPOSX1' at 'tb_syn.uut@cardinal_nic<module>.input_channel_buf_out_reg_30_' to 'work.DFFPOSX1:module'.
Resolved design unit 'udp_dff' at 'tb_syn.uut@cardinal_nic<module>.input_channel_buf_out_reg_30_@DFFPOSX1<module>' to 'work.udp_dff:udp'.
Resolved design unit 'DFFPOSX1' at 'tb_syn.uut@cardinal_nic<module>.input_channel_buf_out_reg_31_' to 'work.DFFPOSX1:module'.
Resolved design unit 'udp_dff' at 'tb_syn.uut@cardinal_nic<module>.input_channel_buf_out_reg_31_@DFFPOSX1<module>' to 'work.udp_dff:udp'.
Resolved design unit 'DFFPOSX1' at 'tb_syn.uut@cardinal_nic<module>.input_channel_buf_out_reg_32_' to 'work.DFFPOSX1:module'.
Resolved design unit 'udp_dff' at 'tb_syn.uut@cardinal_nic<module>.input_channel_buf_out_reg_32_@DFFPOSX1<module>' to 'work.udp_dff:udp'.
Resolved design unit 'DFFPOSX1' at 'tb_syn.uut@cardinal_nic<module>.input_channel_buf_out_reg_33_' to 'work.DFFPOSX1:module'.
Resolved design unit 'udp_dff' at 'tb_syn.uut@cardinal_nic<module>.input_channel_buf_out_reg_33_@DFFPOSX1<module>' to 'work.udp_dff:udp'.
Resolved design unit 'DFFPOSX1' at 'tb_syn.uut@cardinal_nic<module>.input_channel_buf_out_reg_34_' to 'work.DFFPOSX1:module'.
Resolved design unit 'udp_dff' at 'tb_syn.uut@cardinal_nic<module>.input_channel_buf_out_reg_34_@DFFPOSX1<module>' to 'work.udp_dff:udp'.
Resolved design unit 'DFFPOSX1' at 'tb_syn.uut@cardinal_nic<module>.input_channel_buf_out_reg_35_' to 'work.DFFPOSX1:module'.
Resolved design unit 'udp_dff' at 'tb_syn.uut@cardinal_nic<module>.input_channel_buf_out_reg_35_@DFFPOSX1<module>' to 'work.udp_dff:udp'.
Resolved design unit 'DFFPOSX1' at 'tb_syn.uut@cardinal_nic<module>.input_channel_buf_out_reg_36_' to 'work.DFFPOSX1:module'.
Resolved design unit 'udp_dff' at 'tb_syn.uut@cardinal_nic<module>.input_channel_buf_out_reg_36_@DFFPOSX1<module>' to 'work.udp_dff:udp'.
Resolved design unit 'DFFPOSX1' at 'tb_syn.uut@cardinal_nic<module>.input_channel_buf_out_reg_37_' to 'work.DFFPOSX1:module'.
Resolved design unit 'udp_dff' at 'tb_syn.uut@cardinal_nic<module>.input_channel_buf_out_reg_37_@DFFPOSX1<module>' to 'work.udp_dff:udp'.
Resolved design unit 'DFFPOSX1' at 'tb_syn.uut@cardinal_nic<module>.input_channel_buf_out_reg_38_' to 'work.DFFPOSX1:module'.
Resolved design unit 'udp_dff' at 'tb_syn.uut@cardinal_nic<module>.input_channel_buf_out_reg_38_@DFFPOSX1<module>' to 'work.udp_dff:udp'.
Resolved design unit 'DFFPOSX1' at 'tb_syn.uut@cardinal_nic<module>.input_channel_buf_out_reg_39_' to 'work.DFFPOSX1:module'.
Resolved design unit 'udp_dff' at 'tb_syn.uut@cardinal_nic<module>.input_channel_buf_out_reg_39_@DFFPOSX1<module>' to 'work.udp_dff:udp'.
Resolved design unit 'DFFPOSX1' at 'tb_syn.uut@cardinal_nic<module>.input_channel_buf_out_reg_40_' to 'work.DFFPOSX1:module'.
Resolved design unit 'udp_dff' at 'tb_syn.uut@cardinal_nic<module>.input_channel_buf_out_reg_40_@DFFPOSX1<module>' to 'work.udp_dff:udp'.
Resolved design unit 'DFFPOSX1' at 'tb_syn.uut@cardinal_nic<module>.input_channel_buf_out_reg_41_' to 'work.DFFPOSX1:module'.
Resolved design unit 'udp_dff' at 'tb_syn.uut@cardinal_nic<module>.input_channel_buf_out_reg_41_@DFFPOSX1<module>' to 'work.udp_dff:udp'.
Resolved design unit 'DFFPOSX1' at 'tb_syn.uut@cardinal_nic<module>.input_channel_buf_out_reg_42_' to 'work.DFFPOSX1:module'.
Resolved design unit 'udp_dff' at 'tb_syn.uut@cardinal_nic<module>.input_channel_buf_out_reg_42_@DFFPOSX1<module>' to 'work.udp_dff:udp'.
Resolved design unit 'DFFPOSX1' at 'tb_syn.uut@cardinal_nic<module>.input_channel_buf_out_reg_43_' to 'work.DFFPOSX1:module'.
Resolved design unit 'udp_dff' at 'tb_syn.uut@cardinal_nic<module>.input_channel_buf_out_reg_43_@DFFPOSX1<module>' to 'work.udp_dff:udp'.
Resolved design unit 'DFFPOSX1' at 'tb_syn.uut@cardinal_nic<module>.input_channel_buf_out_reg_44_' to 'work.DFFPOSX1:module'.
Resolved design unit 'udp_dff' at 'tb_syn.uut@cardinal_nic<module>.input_channel_buf_out_reg_44_@DFFPOSX1<module>' to 'work.udp_dff:udp'.
Resolved design unit 'DFFPOSX1' at 'tb_syn.uut@cardinal_nic<module>.input_channel_buf_out_reg_45_' to 'work.DFFPOSX1:module'.
Resolved design unit 'udp_dff' at 'tb_syn.uut@cardinal_nic<module>.input_channel_buf_out_reg_45_@DFFPOSX1<module>' to 'work.udp_dff:udp'.
Resolved design unit 'DFFPOSX1' at 'tb_syn.uut@cardinal_nic<module>.input_channel_buf_out_reg_46_' to 'work.DFFPOSX1:module'.
Resolved design unit 'udp_dff' at 'tb_syn.uut@cardinal_nic<module>.input_channel_buf_out_reg_46_@DFFPOSX1<module>' to 'work.udp_dff:udp'.
Resolved design unit 'DFFPOSX1' at 'tb_syn.uut@cardinal_nic<module>.input_channel_buf_out_reg_47_' to 'work.DFFPOSX1:module'.
Resolved design unit 'udp_dff' at 'tb_syn.uut@cardinal_nic<module>.input_channel_buf_out_reg_47_@DFFPOSX1<module>' to 'work.udp_dff:udp'.
Resolved design unit 'DFFPOSX1' at 'tb_syn.uut@cardinal_nic<module>.input_channel_buf_out_reg_48_' to 'work.DFFPOSX1:module'.
Resolved design unit 'udp_dff' at 'tb_syn.uut@cardinal_nic<module>.input_channel_buf_out_reg_48_@DFFPOSX1<module>' to 'work.udp_dff:udp'.
Resolved design unit 'DFFPOSX1' at 'tb_syn.uut@cardinal_nic<module>.input_channel_buf_out_reg_49_' to 'work.DFFPOSX1:module'.
Resolved design unit 'udp_dff' at 'tb_syn.uut@cardinal_nic<module>.input_channel_buf_out_reg_49_@DFFPOSX1<module>' to 'work.udp_dff:udp'.
Resolved design unit 'DFFPOSX1' at 'tb_syn.uut@cardinal_nic<module>.input_channel_buf_out_reg_50_' to 'work.DFFPOSX1:module'.
Resolved design unit 'udp_dff' at 'tb_syn.uut@cardinal_nic<module>.input_channel_buf_out_reg_50_@DFFPOSX1<module>' to 'work.udp_dff:udp'.
Resolved design unit 'DFFPOSX1' at 'tb_syn.uut@cardinal_nic<module>.input_channel_buf_out_reg_51_' to 'work.DFFPOSX1:module'.
Resolved design unit 'udp_dff' at 'tb_syn.uut@cardinal_nic<module>.input_channel_buf_out_reg_51_@DFFPOSX1<module>' to 'work.udp_dff:udp'.
Resolved design unit 'DFFPOSX1' at 'tb_syn.uut@cardinal_nic<module>.input_channel_buf_out_reg_52_' to 'work.DFFPOSX1:module'.
Resolved design unit 'udp_dff' at 'tb_syn.uut@cardinal_nic<module>.input_channel_buf_out_reg_52_@DFFPOSX1<module>' to 'work.udp_dff:udp'.
Resolved design unit 'DFFPOSX1' at 'tb_syn.uut@cardinal_nic<module>.input_channel_buf_out_reg_53_' to 'work.DFFPOSX1:module'.
Resolved design unit 'udp_dff' at 'tb_syn.uut@cardinal_nic<module>.input_channel_buf_out_reg_53_@DFFPOSX1<module>' to 'work.udp_dff:udp'.
Resolved design unit 'DFFPOSX1' at 'tb_syn.uut@cardinal_nic<module>.input_channel_buf_out_reg_54_' to 'work.DFFPOSX1:module'.
Resolved design unit 'udp_dff' at 'tb_syn.uut@cardinal_nic<module>.input_channel_buf_out_reg_54_@DFFPOSX1<module>' to 'work.udp_dff:udp'.
Resolved design unit 'DFFPOSX1' at 'tb_syn.uut@cardinal_nic<module>.input_channel_buf_out_reg_55_' to 'work.DFFPOSX1:module'.
Resolved design unit 'udp_dff' at 'tb_syn.uut@cardinal_nic<module>.input_channel_buf_out_reg_55_@DFFPOSX1<module>' to 'work.udp_dff:udp'.
Resolved design unit 'DFFPOSX1' at 'tb_syn.uut@cardinal_nic<module>.input_channel_buf_out_reg_56_' to 'work.DFFPOSX1:module'.
Resolved design unit 'udp_dff' at 'tb_syn.uut@cardinal_nic<module>.input_channel_buf_out_reg_56_@DFFPOSX1<module>' to 'work.udp_dff:udp'.
Resolved design unit 'DFFPOSX1' at 'tb_syn.uut@cardinal_nic<module>.input_channel_buf_out_reg_57_' to 'work.DFFPOSX1:module'.
Resolved design unit 'udp_dff' at 'tb_syn.uut@cardinal_nic<module>.input_channel_buf_out_reg_57_@DFFPOSX1<module>' to 'work.udp_dff:udp'.
Resolved design unit 'DFFPOSX1' at 'tb_syn.uut@cardinal_nic<module>.input_channel_buf_out_reg_58_' to 'work.DFFPOSX1:module'.
Resolved design unit 'udp_dff' at 'tb_syn.uut@cardinal_nic<module>.input_channel_buf_out_reg_58_@DFFPOSX1<module>' to 'work.udp_dff:udp'.
Resolved design unit 'DFFPOSX1' at 'tb_syn.uut@cardinal_nic<module>.input_channel_buf_out_reg_59_' to 'work.DFFPOSX1:module'.
Resolved design unit 'udp_dff' at 'tb_syn.uut@cardinal_nic<module>.input_channel_buf_out_reg_59_@DFFPOSX1<module>' to 'work.udp_dff:udp'.
Resolved design unit 'DFFPOSX1' at 'tb_syn.uut@cardinal_nic<module>.input_channel_buf_out_reg_60_' to 'work.DFFPOSX1:module'.
Resolved design unit 'udp_dff' at 'tb_syn.uut@cardinal_nic<module>.input_channel_buf_out_reg_60_@DFFPOSX1<module>' to 'work.udp_dff:udp'.
Resolved design unit 'DFFPOSX1' at 'tb_syn.uut@cardinal_nic<module>.input_channel_buf_out_reg_61_' to 'work.DFFPOSX1:module'.
Resolved design unit 'udp_dff' at 'tb_syn.uut@cardinal_nic<module>.input_channel_buf_out_reg_61_@DFFPOSX1<module>' to 'work.udp_dff:udp'.
Resolved design unit 'DFFPOSX1' at 'tb_syn.uut@cardinal_nic<module>.input_channel_buf_out_reg_62_' to 'work.DFFPOSX1:module'.
Resolved design unit 'udp_dff' at 'tb_syn.uut@cardinal_nic<module>.input_channel_buf_out_reg_62_@DFFPOSX1<module>' to 'work.udp_dff:udp'.
Resolved design unit 'DFFPOSX1' at 'tb_syn.uut@cardinal_nic<module>.input_channel_buf_out_reg_63_' to 'work.DFFPOSX1:module'.
Resolved design unit 'udp_dff' at 'tb_syn.uut@cardinal_nic<module>.input_channel_buf_out_reg_63_@DFFPOSX1<module>' to 'work.udp_dff:udp'.
Resolving design unit 'OAI21X1' at 'tb_syn.uut@cardinal_nic<module>.U141'.
	library: 'work' views: 'module' -> found
Resolved design unit 'OAI21X1' at 'tb_syn.uut@cardinal_nic<module>.U141' to 'work.OAI21X1:module'.
Resolved design unit 'OAI21X1' at 'tb_syn.uut@cardinal_nic<module>.U143' to 'work.OAI21X1:module'.
Resolved design unit 'OAI21X1' at 'tb_syn.uut@cardinal_nic<module>.U145' to 'work.OAI21X1:module'.
Resolved design unit 'OAI21X1' at 'tb_syn.uut@cardinal_nic<module>.U147' to 'work.OAI21X1:module'.
Resolved design unit 'OAI21X1' at 'tb_syn.uut@cardinal_nic<module>.U149' to 'work.OAI21X1:module'.
Resolved design unit 'OAI21X1' at 'tb_syn.uut@cardinal_nic<module>.U151' to 'work.OAI21X1:module'.
Resolved design unit 'OAI21X1' at 'tb_syn.uut@cardinal_nic<module>.U153' to 'work.OAI21X1:module'.
Resolved design unit 'OAI21X1' at 'tb_syn.uut@cardinal_nic<module>.U155' to 'work.OAI21X1:module'.
Resolved design unit 'OAI21X1' at 'tb_syn.uut@cardinal_nic<module>.U157' to 'work.OAI21X1:module'.
Resolved design unit 'OAI21X1' at 'tb_syn.uut@cardinal_nic<module>.U159' to 'work.OAI21X1:module'.
Resolved design unit 'OAI21X1' at 'tb_syn.uut@cardinal_nic<module>.U161' to 'work.OAI21X1:module'.
Resolved design unit 'OAI21X1' at 'tb_syn.uut@cardinal_nic<module>.U163' to 'work.OAI21X1:module'.
Resolved design unit 'OAI21X1' at 'tb_syn.uut@cardinal_nic<module>.U165' to 'work.OAI21X1:module'.
Resolved design unit 'OAI21X1' at 'tb_syn.uut@cardinal_nic<module>.U167' to 'work.OAI21X1:module'.
Resolved design unit 'OAI21X1' at 'tb_syn.uut@cardinal_nic<module>.U169' to 'work.OAI21X1:module'.
Resolved design unit 'OAI21X1' at 'tb_syn.uut@cardinal_nic<module>.U171' to 'work.OAI21X1:module'.
Resolved design unit 'OAI21X1' at 'tb_syn.uut@cardinal_nic<module>.U173' to 'work.OAI21X1:module'.
Resolved design unit 'OAI21X1' at 'tb_syn.uut@cardinal_nic<module>.U175' to 'work.OAI21X1:module'.
Resolved design unit 'OAI21X1' at 'tb_syn.uut@cardinal_nic<module>.U177' to 'work.OAI21X1:module'.
Resolved design unit 'OAI21X1' at 'tb_syn.uut@cardinal_nic<module>.U179' to 'work.OAI21X1:module'.
Resolved design unit 'OAI21X1' at 'tb_syn.uut@cardinal_nic<module>.U181' to 'work.OAI21X1:module'.
Resolved design unit 'OAI21X1' at 'tb_syn.uut@cardinal_nic<module>.U183' to 'work.OAI21X1:module'.
Resolved design unit 'OAI21X1' at 'tb_syn.uut@cardinal_nic<module>.U185' to 'work.OAI21X1:module'.
Resolved design unit 'OAI21X1' at 'tb_syn.uut@cardinal_nic<module>.U187' to 'work.OAI21X1:module'.
Resolved design unit 'OAI21X1' at 'tb_syn.uut@cardinal_nic<module>.U189' to 'work.OAI21X1:module'.
Resolved design unit 'OAI21X1' at 'tb_syn.uut@cardinal_nic<module>.U191' to 'work.OAI21X1:module'.
Resolved design unit 'OAI21X1' at 'tb_syn.uut@cardinal_nic<module>.U193' to 'work.OAI21X1:module'.
Resolved design unit 'OAI21X1' at 'tb_syn.uut@cardinal_nic<module>.U195' to 'work.OAI21X1:module'.
Resolved design unit 'OAI21X1' at 'tb_syn.uut@cardinal_nic<module>.U197' to 'work.OAI21X1:module'.
Resolved design unit 'OAI21X1' at 'tb_syn.uut@cardinal_nic<module>.U199' to 'work.OAI21X1:module'.
Resolved design unit 'OAI21X1' at 'tb_syn.uut@cardinal_nic<module>.U201' to 'work.OAI21X1:module'.
Resolved design unit 'OAI21X1' at 'tb_syn.uut@cardinal_nic<module>.U203' to 'work.OAI21X1:module'.
Resolved design unit 'OAI21X1' at 'tb_syn.uut@cardinal_nic<module>.U205' to 'work.OAI21X1:module'.
Resolved design unit 'OAI21X1' at 'tb_syn.uut@cardinal_nic<module>.U207' to 'work.OAI21X1:module'.
Resolved design unit 'OAI21X1' at 'tb_syn.uut@cardinal_nic<module>.U209' to 'work.OAI21X1:module'.
Resolved design unit 'OAI21X1' at 'tb_syn.uut@cardinal_nic<module>.U211' to 'work.OAI21X1:module'.
Resolved design unit 'OAI21X1' at 'tb_syn.uut@cardinal_nic<module>.U213' to 'work.OAI21X1:module'.
Resolved design unit 'OAI21X1' at 'tb_syn.uut@cardinal_nic<module>.U215' to 'work.OAI21X1:module'.
Resolved design unit 'OAI21X1' at 'tb_syn.uut@cardinal_nic<module>.U217' to 'work.OAI21X1:module'.
Resolved design unit 'OAI21X1' at 'tb_syn.uut@cardinal_nic<module>.U219' to 'work.OAI21X1:module'.
Resolved design unit 'OAI21X1' at 'tb_syn.uut@cardinal_nic<module>.U221' to 'work.OAI21X1:module'.
Resolved design unit 'OAI21X1' at 'tb_syn.uut@cardinal_nic<module>.U223' to 'work.OAI21X1:module'.
Resolved design unit 'OAI21X1' at 'tb_syn.uut@cardinal_nic<module>.U225' to 'work.OAI21X1:module'.
Resolved design unit 'OAI21X1' at 'tb_syn.uut@cardinal_nic<module>.U227' to 'work.OAI21X1:module'.
Resolved design unit 'OAI21X1' at 'tb_syn.uut@cardinal_nic<module>.U229' to 'work.OAI21X1:module'.
Resolved design unit 'OAI21X1' at 'tb_syn.uut@cardinal_nic<module>.U231' to 'work.OAI21X1:module'.
Resolved design unit 'OAI21X1' at 'tb_syn.uut@cardinal_nic<module>.U233' to 'work.OAI21X1:module'.
Resolved design unit 'OAI21X1' at 'tb_syn.uut@cardinal_nic<module>.U235' to 'work.OAI21X1:module'.
Resolved design unit 'OAI21X1' at 'tb_syn.uut@cardinal_nic<module>.U237' to 'work.OAI21X1:module'.
Resolved design unit 'OAI21X1' at 'tb_syn.uut@cardinal_nic<module>.U239' to 'work.OAI21X1:module'.
Resolved design unit 'OAI21X1' at 'tb_syn.uut@cardinal_nic<module>.U241' to 'work.OAI21X1:module'.
Resolved design unit 'OAI21X1' at 'tb_syn.uut@cardinal_nic<module>.U243' to 'work.OAI21X1:module'.
Resolved design unit 'OAI21X1' at 'tb_syn.uut@cardinal_nic<module>.U245' to 'work.OAI21X1:module'.
Resolved design unit 'OAI21X1' at 'tb_syn.uut@cardinal_nic<module>.U247' to 'work.OAI21X1:module'.
Resolved design unit 'OAI21X1' at 'tb_syn.uut@cardinal_nic<module>.U249' to 'work.OAI21X1:module'.
Resolved design unit 'OAI21X1' at 'tb_syn.uut@cardinal_nic<module>.U251' to 'work.OAI21X1:module'.
Resolved design unit 'OAI21X1' at 'tb_syn.uut@cardinal_nic<module>.U253' to 'work.OAI21X1:module'.
Resolved design unit 'OAI21X1' at 'tb_syn.uut@cardinal_nic<module>.U255' to 'work.OAI21X1:module'.
Resolved design unit 'OAI21X1' at 'tb_syn.uut@cardinal_nic<module>.U257' to 'work.OAI21X1:module'.
Resolved design unit 'OAI21X1' at 'tb_syn.uut@cardinal_nic<module>.U259' to 'work.OAI21X1:module'.
Resolved design unit 'OAI21X1' at 'tb_syn.uut@cardinal_nic<module>.U261' to 'work.OAI21X1:module'.
Resolved design unit 'OAI21X1' at 'tb_syn.uut@cardinal_nic<module>.U263' to 'work.OAI21X1:module'.
Resolved design unit 'OAI21X1' at 'tb_syn.uut@cardinal_nic<module>.U265' to 'work.OAI21X1:module'.
Resolved design unit 'OAI21X1' at 'tb_syn.uut@cardinal_nic<module>.U267' to 'work.OAI21X1:module'.
Resolved design unit 'OAI21X1' at 'tb_syn.uut@cardinal_nic<module>.U270' to 'work.OAI21X1:module'.
Resolving design unit 'NAND3X1' at 'tb_syn.uut@cardinal_nic<module>.U271'.
	library: 'work' views: 'module' -> found
Resolved design unit 'NAND3X1' at 'tb_syn.uut@cardinal_nic<module>.U271' to 'work.NAND3X1:module'.
Resolved design unit 'OAI21X1' at 'tb_syn.uut@cardinal_nic<module>.U272' to 'work.OAI21X1:module'.
Resolved design unit 'OAI21X1' at 'tb_syn.uut@cardinal_nic<module>.U273' to 'work.OAI21X1:module'.
Resolved design unit 'OAI21X1' at 'tb_syn.uut@cardinal_nic<module>.U274' to 'work.OAI21X1:module'.
Resolving design unit 'AOI22X1' at 'tb_syn.uut@cardinal_nic<module>.U276'.
	library: 'work' views: 'module' -> found
Resolved design unit 'AOI22X1' at 'tb_syn.uut@cardinal_nic<module>.U276' to 'work.AOI22X1:module'.
Resolved design unit 'AOI22X1' at 'tb_syn.uut@cardinal_nic<module>.U277' to 'work.AOI22X1:module'.
Resolved design unit 'AOI22X1' at 'tb_syn.uut@cardinal_nic<module>.U278' to 'work.AOI22X1:module'.
Resolved design unit 'AOI22X1' at 'tb_syn.uut@cardinal_nic<module>.U279' to 'work.AOI22X1:module'.
Resolved design unit 'AOI22X1' at 'tb_syn.uut@cardinal_nic<module>.U280' to 'work.AOI22X1:module'.
Resolved design unit 'AOI22X1' at 'tb_syn.uut@cardinal_nic<module>.U281' to 'work.AOI22X1:module'.
Resolved design unit 'AOI22X1' at 'tb_syn.uut@cardinal_nic<module>.U282' to 'work.AOI22X1:module'.
Resolved design unit 'AOI22X1' at 'tb_syn.uut@cardinal_nic<module>.U283' to 'work.AOI22X1:module'.
Resolved design unit 'AOI22X1' at 'tb_syn.uut@cardinal_nic<module>.U284' to 'work.AOI22X1:module'.
Resolved design unit 'AOI22X1' at 'tb_syn.uut@cardinal_nic<module>.U285' to 'work.AOI22X1:module'.
Resolved design unit 'AOI22X1' at 'tb_syn.uut@cardinal_nic<module>.U286' to 'work.AOI22X1:module'.
Resolved design unit 'AOI22X1' at 'tb_syn.uut@cardinal_nic<module>.U287' to 'work.AOI22X1:module'.
Resolved design unit 'AOI22X1' at 'tb_syn.uut@cardinal_nic<module>.U288' to 'work.AOI22X1:module'.
Resolved design unit 'AOI22X1' at 'tb_syn.uut@cardinal_nic<module>.U289' to 'work.AOI22X1:module'.
Resolved design unit 'AOI22X1' at 'tb_syn.uut@cardinal_nic<module>.U290' to 'work.AOI22X1:module'.
Resolved design unit 'AOI22X1' at 'tb_syn.uut@cardinal_nic<module>.U291' to 'work.AOI22X1:module'.
Resolved design unit 'AOI22X1' at 'tb_syn.uut@cardinal_nic<module>.U292' to 'work.AOI22X1:module'.
Resolved design unit 'AOI22X1' at 'tb_syn.uut@cardinal_nic<module>.U293' to 'work.AOI22X1:module'.
Resolved design unit 'AOI22X1' at 'tb_syn.uut@cardinal_nic<module>.U294' to 'work.AOI22X1:module'.
Resolved design unit 'AOI22X1' at 'tb_syn.uut@cardinal_nic<module>.U295' to 'work.AOI22X1:module'.
Resolved design unit 'AOI22X1' at 'tb_syn.uut@cardinal_nic<module>.U296' to 'work.AOI22X1:module'.
Resolved design unit 'AOI22X1' at 'tb_syn.uut@cardinal_nic<module>.U297' to 'work.AOI22X1:module'.
Resolved design unit 'AOI22X1' at 'tb_syn.uut@cardinal_nic<module>.U298' to 'work.AOI22X1:module'.
Resolved design unit 'AOI22X1' at 'tb_syn.uut@cardinal_nic<module>.U299' to 'work.AOI22X1:module'.
Resolved design unit 'AOI22X1' at 'tb_syn.uut@cardinal_nic<module>.U300' to 'work.AOI22X1:module'.
Resolved design unit 'AOI22X1' at 'tb_syn.uut@cardinal_nic<module>.U301' to 'work.AOI22X1:module'.
Resolved design unit 'AOI22X1' at 'tb_syn.uut@cardinal_nic<module>.U302' to 'work.AOI22X1:module'.
Resolved design unit 'AOI22X1' at 'tb_syn.uut@cardinal_nic<module>.U303' to 'work.AOI22X1:module'.
Resolved design unit 'AOI22X1' at 'tb_syn.uut@cardinal_nic<module>.U304' to 'work.AOI22X1:module'.
Resolved design unit 'AOI22X1' at 'tb_syn.uut@cardinal_nic<module>.U305' to 'work.AOI22X1:module'.
Resolved design unit 'AOI22X1' at 'tb_syn.uut@cardinal_nic<module>.U306' to 'work.AOI22X1:module'.
Resolved design unit 'AOI22X1' at 'tb_syn.uut@cardinal_nic<module>.U307' to 'work.AOI22X1:module'.
Resolved design unit 'AOI22X1' at 'tb_syn.uut@cardinal_nic<module>.U308' to 'work.AOI22X1:module'.
Resolved design unit 'AOI22X1' at 'tb_syn.uut@cardinal_nic<module>.U309' to 'work.AOI22X1:module'.
Resolved design unit 'AOI22X1' at 'tb_syn.uut@cardinal_nic<module>.U310' to 'work.AOI22X1:module'.
Resolved design unit 'AOI22X1' at 'tb_syn.uut@cardinal_nic<module>.U311' to 'work.AOI22X1:module'.
Resolved design unit 'AOI22X1' at 'tb_syn.uut@cardinal_nic<module>.U312' to 'work.AOI22X1:module'.
Resolved design unit 'AOI22X1' at 'tb_syn.uut@cardinal_nic<module>.U313' to 'work.AOI22X1:module'.
Resolved design unit 'AOI22X1' at 'tb_syn.uut@cardinal_nic<module>.U314' to 'work.AOI22X1:module'.
Resolved design unit 'AOI22X1' at 'tb_syn.uut@cardinal_nic<module>.U315' to 'work.AOI22X1:module'.
Resolved design unit 'AOI22X1' at 'tb_syn.uut@cardinal_nic<module>.U316' to 'work.AOI22X1:module'.
Resolved design unit 'AOI22X1' at 'tb_syn.uut@cardinal_nic<module>.U317' to 'work.AOI22X1:module'.
Resolved design unit 'AOI22X1' at 'tb_syn.uut@cardinal_nic<module>.U318' to 'work.AOI22X1:module'.
Resolved design unit 'AOI22X1' at 'tb_syn.uut@cardinal_nic<module>.U319' to 'work.AOI22X1:module'.
Resolved design unit 'AOI22X1' at 'tb_syn.uut@cardinal_nic<module>.U320' to 'work.AOI22X1:module'.
Resolved design unit 'AOI22X1' at 'tb_syn.uut@cardinal_nic<module>.U321' to 'work.AOI22X1:module'.
Resolved design unit 'AOI22X1' at 'tb_syn.uut@cardinal_nic<module>.U322' to 'work.AOI22X1:module'.
Resolved design unit 'AOI22X1' at 'tb_syn.uut@cardinal_nic<module>.U323' to 'work.AOI22X1:module'.
Resolved design unit 'AOI22X1' at 'tb_syn.uut@cardinal_nic<module>.U324' to 'work.AOI22X1:module'.
Resolved design unit 'AOI22X1' at 'tb_syn.uut@cardinal_nic<module>.U325' to 'work.AOI22X1:module'.
Resolved design unit 'AOI22X1' at 'tb_syn.uut@cardinal_nic<module>.U326' to 'work.AOI22X1:module'.
Resolved design unit 'AOI22X1' at 'tb_syn.uut@cardinal_nic<module>.U327' to 'work.AOI22X1:module'.
Resolved design unit 'AOI22X1' at 'tb_syn.uut@cardinal_nic<module>.U328' to 'work.AOI22X1:module'.
Resolved design unit 'AOI22X1' at 'tb_syn.uut@cardinal_nic<module>.U329' to 'work.AOI22X1:module'.
Resolved design unit 'AOI22X1' at 'tb_syn.uut@cardinal_nic<module>.U330' to 'work.AOI22X1:module'.
Resolved design unit 'AOI22X1' at 'tb_syn.uut@cardinal_nic<module>.U331' to 'work.AOI22X1:module'.
Resolved design unit 'AOI22X1' at 'tb_syn.uut@cardinal_nic<module>.U332' to 'work.AOI22X1:module'.
Resolved design unit 'AOI22X1' at 'tb_syn.uut@cardinal_nic<module>.U333' to 'work.AOI22X1:module'.
Resolved design unit 'AOI22X1' at 'tb_syn.uut@cardinal_nic<module>.U334' to 'work.AOI22X1:module'.
Resolved design unit 'AOI22X1' at 'tb_syn.uut@cardinal_nic<module>.U335' to 'work.AOI22X1:module'.
Resolved design unit 'AOI22X1' at 'tb_syn.uut@cardinal_nic<module>.U336' to 'work.AOI22X1:module'.
Resolved design unit 'AOI22X1' at 'tb_syn.uut@cardinal_nic<module>.U337' to 'work.AOI22X1:module'.
Resolved design unit 'AOI22X1' at 'tb_syn.uut@cardinal_nic<module>.U338' to 'work.AOI22X1:module'.
Resolved design unit 'NAND3X1' at 'tb_syn.uut@cardinal_nic<module>.U342' to 'work.NAND3X1:module'.
Resolved design unit 'NAND3X1' at 'tb_syn.uut@cardinal_nic<module>.U343' to 'work.NAND3X1:module'.
Resolving design unit 'AOI21X1' at 'tb_syn.uut@cardinal_nic<module>.U344'.
	library: 'work' views: 'module' -> found
Resolved design unit 'AOI21X1' at 'tb_syn.uut@cardinal_nic<module>.U344' to 'work.AOI21X1:module'.
Resolved design unit 'NAND3X1' at 'tb_syn.uut@cardinal_nic<module>.U345' to 'work.NAND3X1:module'.
Resolved design unit 'NAND3X1' at 'tb_syn.uut@cardinal_nic<module>.U346' to 'work.NAND3X1:module'.
Resolving design unit 'XOR2X1' at 'tb_syn.uut@cardinal_nic<module>.U347'.
	library: 'work' views: 'module' -> found
Resolved design unit 'XOR2X1' at 'tb_syn.uut@cardinal_nic<module>.U347' to 'work.XOR2X1:module'.
Resolving design unit 'NOR2X1' at 'tb_syn.uut@cardinal_nic<module>.U348'.
	library: 'work' views: 'module' -> found
Resolved design unit 'NOR2X1' at 'tb_syn.uut@cardinal_nic<module>.U348' to 'work.NOR2X1:module'.
Resolved design unit 'NOR2X1' at 'tb_syn.uut@cardinal_nic<module>.U349' to 'work.NOR2X1:module'.
Resolved design unit 'NOR2X1' at 'tb_syn.uut@cardinal_nic<module>.U350' to 'work.NOR2X1:module'.
Resolved design unit 'NOR2X1' at 'tb_syn.uut@cardinal_nic<module>.U351' to 'work.NOR2X1:module'.
Resolved design unit 'NOR2X1' at 'tb_syn.uut@cardinal_nic<module>.U352' to 'work.NOR2X1:module'.
Resolved design unit 'NOR2X1' at 'tb_syn.uut@cardinal_nic<module>.U353' to 'work.NOR2X1:module'.
Resolved design unit 'NOR2X1' at 'tb_syn.uut@cardinal_nic<module>.U354' to 'work.NOR2X1:module'.
Resolved design unit 'NOR2X1' at 'tb_syn.uut@cardinal_nic<module>.U355' to 'work.NOR2X1:module'.
Resolved design unit 'NOR2X1' at 'tb_syn.uut@cardinal_nic<module>.U356' to 'work.NOR2X1:module'.
Resolved design unit 'NOR2X1' at 'tb_syn.uut@cardinal_nic<module>.U357' to 'work.NOR2X1:module'.
Resolved design unit 'NOR2X1' at 'tb_syn.uut@cardinal_nic<module>.U358' to 'work.NOR2X1:module'.
Resolved design unit 'NOR2X1' at 'tb_syn.uut@cardinal_nic<module>.U359' to 'work.NOR2X1:module'.
Resolved design unit 'NOR2X1' at 'tb_syn.uut@cardinal_nic<module>.U360' to 'work.NOR2X1:module'.
Resolved design unit 'NOR2X1' at 'tb_syn.uut@cardinal_nic<module>.U361' to 'work.NOR2X1:module'.
Resolved design unit 'NOR2X1' at 'tb_syn.uut@cardinal_nic<module>.U362' to 'work.NOR2X1:module'.
Resolved design unit 'NOR2X1' at 'tb_syn.uut@cardinal_nic<module>.U363' to 'work.NOR2X1:module'.
Resolved design unit 'NOR2X1' at 'tb_syn.uut@cardinal_nic<module>.U364' to 'work.NOR2X1:module'.
Resolved design unit 'NOR2X1' at 'tb_syn.uut@cardinal_nic<module>.U365' to 'work.NOR2X1:module'.
Resolved design unit 'NOR2X1' at 'tb_syn.uut@cardinal_nic<module>.U366' to 'work.NOR2X1:module'.
Resolved design unit 'NOR2X1' at 'tb_syn.uut@cardinal_nic<module>.U367' to 'work.NOR2X1:module'.
Resolved design unit 'NOR2X1' at 'tb_syn.uut@cardinal_nic<module>.U368' to 'work.NOR2X1:module'.
Resolved design unit 'NOR2X1' at 'tb_syn.uut@cardinal_nic<module>.U369' to 'work.NOR2X1:module'.
Resolved design unit 'NOR2X1' at 'tb_syn.uut@cardinal_nic<module>.U370' to 'work.NOR2X1:module'.
Resolved design unit 'NOR2X1' at 'tb_syn.uut@cardinal_nic<module>.U371' to 'work.NOR2X1:module'.
Resolved design unit 'NOR2X1' at 'tb_syn.uut@cardinal_nic<module>.U372' to 'work.NOR2X1:module'.
Resolved design unit 'NOR2X1' at 'tb_syn.uut@cardinal_nic<module>.U373' to 'work.NOR2X1:module'.
Resolved design unit 'NOR2X1' at 'tb_syn.uut@cardinal_nic<module>.U374' to 'work.NOR2X1:module'.
Resolved design unit 'NOR2X1' at 'tb_syn.uut@cardinal_nic<module>.U375' to 'work.NOR2X1:module'.
Resolved design unit 'NOR2X1' at 'tb_syn.uut@cardinal_nic<module>.U376' to 'work.NOR2X1:module'.
Resolved design unit 'NOR2X1' at 'tb_syn.uut@cardinal_nic<module>.U377' to 'work.NOR2X1:module'.
Resolved design unit 'NOR2X1' at 'tb_syn.uut@cardinal_nic<module>.U378' to 'work.NOR2X1:module'.
Resolved design unit 'NOR2X1' at 'tb_syn.uut@cardinal_nic<module>.U379' to 'work.NOR2X1:module'.
Resolved design unit 'NOR2X1' at 'tb_syn.uut@cardinal_nic<module>.U380' to 'work.NOR2X1:module'.
Resolved design unit 'NOR2X1' at 'tb_syn.uut@cardinal_nic<module>.U381' to 'work.NOR2X1:module'.
Resolved design unit 'NOR2X1' at 'tb_syn.uut@cardinal_nic<module>.U382' to 'work.NOR2X1:module'.
Resolved design unit 'NOR2X1' at 'tb_syn.uut@cardinal_nic<module>.U383' to 'work.NOR2X1:module'.
Resolved design unit 'NOR2X1' at 'tb_syn.uut@cardinal_nic<module>.U384' to 'work.NOR2X1:module'.
Resolved design unit 'NOR2X1' at 'tb_syn.uut@cardinal_nic<module>.U385' to 'work.NOR2X1:module'.
Resolved design unit 'NOR2X1' at 'tb_syn.uut@cardinal_nic<module>.U386' to 'work.NOR2X1:module'.
Resolved design unit 'NOR2X1' at 'tb_syn.uut@cardinal_nic<module>.U387' to 'work.NOR2X1:module'.
Resolved design unit 'NOR2X1' at 'tb_syn.uut@cardinal_nic<module>.U388' to 'work.NOR2X1:module'.
Resolved design unit 'NOR2X1' at 'tb_syn.uut@cardinal_nic<module>.U389' to 'work.NOR2X1:module'.
Resolved design unit 'NOR2X1' at 'tb_syn.uut@cardinal_nic<module>.U390' to 'work.NOR2X1:module'.
Resolved design unit 'NOR2X1' at 'tb_syn.uut@cardinal_nic<module>.U391' to 'work.NOR2X1:module'.
Resolved design unit 'NOR2X1' at 'tb_syn.uut@cardinal_nic<module>.U392' to 'work.NOR2X1:module'.
Resolved design unit 'NOR2X1' at 'tb_syn.uut@cardinal_nic<module>.U393' to 'work.NOR2X1:module'.
Resolved design unit 'NOR2X1' at 'tb_syn.uut@cardinal_nic<module>.U394' to 'work.NOR2X1:module'.
Resolved design unit 'NOR2X1' at 'tb_syn.uut@cardinal_nic<module>.U395' to 'work.NOR2X1:module'.
Resolved design unit 'NOR2X1' at 'tb_syn.uut@cardinal_nic<module>.U396' to 'work.NOR2X1:module'.
Resolved design unit 'NOR2X1' at 'tb_syn.uut@cardinal_nic<module>.U397' to 'work.NOR2X1:module'.
Resolved design unit 'NOR2X1' at 'tb_syn.uut@cardinal_nic<module>.U398' to 'work.NOR2X1:module'.
Resolved design unit 'NOR2X1' at 'tb_syn.uut@cardinal_nic<module>.U399' to 'work.NOR2X1:module'.
Resolved design unit 'NOR2X1' at 'tb_syn.uut@cardinal_nic<module>.U400' to 'work.NOR2X1:module'.
Resolved design unit 'NOR2X1' at 'tb_syn.uut@cardinal_nic<module>.U401' to 'work.NOR2X1:module'.
Resolved design unit 'NOR2X1' at 'tb_syn.uut@cardinal_nic<module>.U402' to 'work.NOR2X1:module'.
Resolved design unit 'NOR2X1' at 'tb_syn.uut@cardinal_nic<module>.U403' to 'work.NOR2X1:module'.
Resolved design unit 'NOR2X1' at 'tb_syn.uut@cardinal_nic<module>.U404' to 'work.NOR2X1:module'.
Resolved design unit 'NOR2X1' at 'tb_syn.uut@cardinal_nic<module>.U405' to 'work.NOR2X1:module'.
Resolved design unit 'NOR2X1' at 'tb_syn.uut@cardinal_nic<module>.U406' to 'work.NOR2X1:module'.
Resolved design unit 'NOR2X1' at 'tb_syn.uut@cardinal_nic<module>.U407' to 'work.NOR2X1:module'.
Resolved design unit 'NOR2X1' at 'tb_syn.uut@cardinal_nic<module>.U408' to 'work.NOR2X1:module'.
Resolved design unit 'NOR2X1' at 'tb_syn.uut@cardinal_nic<module>.U409' to 'work.NOR2X1:module'.
Resolved design unit 'NOR2X1' at 'tb_syn.uut@cardinal_nic<module>.U410' to 'work.NOR2X1:module'.
Resolved design unit 'OAI21X1' at 'tb_syn.uut@cardinal_nic<module>.U411' to 'work.OAI21X1:module'.
Resolved design unit 'NAND3X1' at 'tb_syn.uut@cardinal_nic<module>.U412' to 'work.NAND3X1:module'.
Resolved design unit 'OAI21X1' at 'tb_syn.uut@cardinal_nic<module>.U413' to 'work.OAI21X1:module'.
Resolved design unit 'NAND3X1' at 'tb_syn.uut@cardinal_nic<module>.U415' to 'work.NAND3X1:module'.
Resolving design unit 'OR2X1' at 'tb_syn.uut@cardinal_nic<module>.U416'.
	library: 'work' views: 'module' -> found
Resolved design unit 'OR2X1' at 'tb_syn.uut@cardinal_nic<module>.U416' to 'work.OR2X1:module'.
Resolving design unit 'BUFX2' at 'tb_syn.uut@cardinal_nic<module>.U417'.
	library: 'work' views: 'module' -> found
Resolved design unit 'BUFX2' at 'tb_syn.uut@cardinal_nic<module>.U417' to 'work.BUFX2:module'.
Resolved design unit 'BUFX2' at 'tb_syn.uut@cardinal_nic<module>.U418' to 'work.BUFX2:module'.
Resolved design unit 'BUFX2' at 'tb_syn.uut@cardinal_nic<module>.U419' to 'work.BUFX2:module'.
Resolved design unit 'BUFX2' at 'tb_syn.uut@cardinal_nic<module>.U420' to 'work.BUFX2:module'.
Resolved design unit 'BUFX2' at 'tb_syn.uut@cardinal_nic<module>.U421' to 'work.BUFX2:module'.
Resolved design unit 'BUFX2' at 'tb_syn.uut@cardinal_nic<module>.U422' to 'work.BUFX2:module'.
Resolved design unit 'BUFX2' at 'tb_syn.uut@cardinal_nic<module>.U423' to 'work.BUFX2:module'.
Resolved design unit 'BUFX2' at 'tb_syn.uut@cardinal_nic<module>.U424' to 'work.BUFX2:module'.
Resolved design unit 'BUFX2' at 'tb_syn.uut@cardinal_nic<module>.U425' to 'work.BUFX2:module'.
Resolved design unit 'BUFX2' at 'tb_syn.uut@cardinal_nic<module>.U426' to 'work.BUFX2:module'.
Resolved design unit 'BUFX2' at 'tb_syn.uut@cardinal_nic<module>.U427' to 'work.BUFX2:module'.
Resolved design unit 'BUFX2' at 'tb_syn.uut@cardinal_nic<module>.U428' to 'work.BUFX2:module'.
Resolved design unit 'BUFX2' at 'tb_syn.uut@cardinal_nic<module>.U429' to 'work.BUFX2:module'.
Resolved design unit 'BUFX2' at 'tb_syn.uut@cardinal_nic<module>.U430' to 'work.BUFX2:module'.
Resolved design unit 'BUFX2' at 'tb_syn.uut@cardinal_nic<module>.U431' to 'work.BUFX2:module'.
Resolved design unit 'BUFX2' at 'tb_syn.uut@cardinal_nic<module>.U432' to 'work.BUFX2:module'.
Resolved design unit 'BUFX2' at 'tb_syn.uut@cardinal_nic<module>.U433' to 'work.BUFX2:module'.
Resolved design unit 'BUFX2' at 'tb_syn.uut@cardinal_nic<module>.U434' to 'work.BUFX2:module'.
Resolved design unit 'BUFX2' at 'tb_syn.uut@cardinal_nic<module>.U435' to 'work.BUFX2:module'.
Resolved design unit 'BUFX2' at 'tb_syn.uut@cardinal_nic<module>.U436' to 'work.BUFX2:module'.
Resolved design unit 'BUFX2' at 'tb_syn.uut@cardinal_nic<module>.U437' to 'work.BUFX2:module'.
Resolved design unit 'BUFX2' at 'tb_syn.uut@cardinal_nic<module>.U438' to 'work.BUFX2:module'.
Resolved design unit 'BUFX2' at 'tb_syn.uut@cardinal_nic<module>.U439' to 'work.BUFX2:module'.
Resolved design unit 'BUFX2' at 'tb_syn.uut@cardinal_nic<module>.U440' to 'work.BUFX2:module'.
Resolved design unit 'BUFX2' at 'tb_syn.uut@cardinal_nic<module>.U441' to 'work.BUFX2:module'.
Resolved design unit 'BUFX2' at 'tb_syn.uut@cardinal_nic<module>.U442' to 'work.BUFX2:module'.
Resolved design unit 'BUFX2' at 'tb_syn.uut@cardinal_nic<module>.U443' to 'work.BUFX2:module'.
Resolved design unit 'BUFX2' at 'tb_syn.uut@cardinal_nic<module>.U444' to 'work.BUFX2:module'.
Resolved design unit 'BUFX2' at 'tb_syn.uut@cardinal_nic<module>.U445' to 'work.BUFX2:module'.
Resolved design unit 'BUFX2' at 'tb_syn.uut@cardinal_nic<module>.U446' to 'work.BUFX2:module'.
Resolved design unit 'BUFX2' at 'tb_syn.uut@cardinal_nic<module>.U447' to 'work.BUFX2:module'.
Resolved design unit 'BUFX2' at 'tb_syn.uut@cardinal_nic<module>.U448' to 'work.BUFX2:module'.
Resolved design unit 'BUFX2' at 'tb_syn.uut@cardinal_nic<module>.U449' to 'work.BUFX2:module'.
Resolved design unit 'BUFX2' at 'tb_syn.uut@cardinal_nic<module>.U450' to 'work.BUFX2:module'.
Resolved design unit 'BUFX2' at 'tb_syn.uut@cardinal_nic<module>.U451' to 'work.BUFX2:module'.
Resolved design unit 'BUFX2' at 'tb_syn.uut@cardinal_nic<module>.U452' to 'work.BUFX2:module'.
Resolved design unit 'BUFX2' at 'tb_syn.uut@cardinal_nic<module>.U453' to 'work.BUFX2:module'.
Resolved design unit 'BUFX2' at 'tb_syn.uut@cardinal_nic<module>.U454' to 'work.BUFX2:module'.
Resolved design unit 'BUFX2' at 'tb_syn.uut@cardinal_nic<module>.U455' to 'work.BUFX2:module'.
Resolved design unit 'BUFX2' at 'tb_syn.uut@cardinal_nic<module>.U456' to 'work.BUFX2:module'.
Resolved design unit 'BUFX2' at 'tb_syn.uut@cardinal_nic<module>.U457' to 'work.BUFX2:module'.
Resolved design unit 'BUFX2' at 'tb_syn.uut@cardinal_nic<module>.U458' to 'work.BUFX2:module'.
Resolved design unit 'BUFX2' at 'tb_syn.uut@cardinal_nic<module>.U459' to 'work.BUFX2:module'.
Resolved design unit 'BUFX2' at 'tb_syn.uut@cardinal_nic<module>.U460' to 'work.BUFX2:module'.
Resolved design unit 'BUFX2' at 'tb_syn.uut@cardinal_nic<module>.U461' to 'work.BUFX2:module'.
Resolved design unit 'BUFX2' at 'tb_syn.uut@cardinal_nic<module>.U462' to 'work.BUFX2:module'.
Resolved design unit 'BUFX2' at 'tb_syn.uut@cardinal_nic<module>.U463' to 'work.BUFX2:module'.
Resolved design unit 'BUFX2' at 'tb_syn.uut@cardinal_nic<module>.U464' to 'work.BUFX2:module'.
Resolved design unit 'BUFX2' at 'tb_syn.uut@cardinal_nic<module>.U465' to 'work.BUFX2:module'.
Resolved design unit 'BUFX2' at 'tb_syn.uut@cardinal_nic<module>.U466' to 'work.BUFX2:module'.
Resolved design unit 'BUFX2' at 'tb_syn.uut@cardinal_nic<module>.U467' to 'work.BUFX2:module'.
Resolved design unit 'BUFX2' at 'tb_syn.uut@cardinal_nic<module>.U468' to 'work.BUFX2:module'.
Resolved design unit 'BUFX2' at 'tb_syn.uut@cardinal_nic<module>.U469' to 'work.BUFX2:module'.
Resolved design unit 'BUFX2' at 'tb_syn.uut@cardinal_nic<module>.U470' to 'work.BUFX2:module'.
Resolved design unit 'BUFX2' at 'tb_syn.uut@cardinal_nic<module>.U471' to 'work.BUFX2:module'.
Resolved design unit 'BUFX2' at 'tb_syn.uut@cardinal_nic<module>.U472' to 'work.BUFX2:module'.
Resolved design unit 'BUFX2' at 'tb_syn.uut@cardinal_nic<module>.U473' to 'work.BUFX2:module'.
Resolved design unit 'BUFX2' at 'tb_syn.uut@cardinal_nic<module>.U474' to 'work.BUFX2:module'.
Resolved design unit 'BUFX2' at 'tb_syn.uut@cardinal_nic<module>.U475' to 'work.BUFX2:module'.
Resolved design unit 'BUFX2' at 'tb_syn.uut@cardinal_nic<module>.U476' to 'work.BUFX2:module'.
Resolved design unit 'BUFX2' at 'tb_syn.uut@cardinal_nic<module>.U477' to 'work.BUFX2:module'.
Resolved design unit 'BUFX2' at 'tb_syn.uut@cardinal_nic<module>.U478' to 'work.BUFX2:module'.
Resolved design unit 'BUFX2' at 'tb_syn.uut@cardinal_nic<module>.U479' to 'work.BUFX2:module'.
Resolved design unit 'BUFX2' at 'tb_syn.uut@cardinal_nic<module>.U480' to 'work.BUFX2:module'.
Resolved design unit 'BUFX2' at 'tb_syn.uut@cardinal_nic<module>.U481' to 'work.BUFX2:module'.
Resolving design unit 'AND2X1' at 'tb_syn.uut@cardinal_nic<module>.U482'.
	library: 'work' views: 'module' -> found
Resolved design unit 'AND2X1' at 'tb_syn.uut@cardinal_nic<module>.U482' to 'work.AND2X1:module'.
Resolved design unit 'AND2X1' at 'tb_syn.uut@cardinal_nic<module>.U483' to 'work.AND2X1:module'.
Resolving design unit 'INVX1' at 'tb_syn.uut@cardinal_nic<module>.U484'.
	library: 'work' views: 'module' -> found
Resolved design unit 'INVX1' at 'tb_syn.uut@cardinal_nic<module>.U484' to 'work.INVX1:module'.
Resolved design unit 'AND2X1' at 'tb_syn.uut@cardinal_nic<module>.U485' to 'work.AND2X1:module'.
Resolved design unit 'INVX1' at 'tb_syn.uut@cardinal_nic<module>.U486' to 'work.INVX1:module'.
Resolved design unit 'AND2X1' at 'tb_syn.uut@cardinal_nic<module>.U487' to 'work.AND2X1:module'.
Resolved design unit 'INVX1' at 'tb_syn.uut@cardinal_nic<module>.U488' to 'work.INVX1:module'.
Resolved design unit 'AND2X1' at 'tb_syn.uut@cardinal_nic<module>.U489' to 'work.AND2X1:module'.
Resolved design unit 'INVX1' at 'tb_syn.uut@cardinal_nic<module>.U490' to 'work.INVX1:module'.
Resolved design unit 'AND2X1' at 'tb_syn.uut@cardinal_nic<module>.U491' to 'work.AND2X1:module'.
Resolved design unit 'INVX1' at 'tb_syn.uut@cardinal_nic<module>.U492' to 'work.INVX1:module'.
Resolved design unit 'AND2X1' at 'tb_syn.uut@cardinal_nic<module>.U493' to 'work.AND2X1:module'.
Resolved design unit 'INVX1' at 'tb_syn.uut@cardinal_nic<module>.U494' to 'work.INVX1:module'.
Resolved design unit 'AND2X1' at 'tb_syn.uut@cardinal_nic<module>.U495' to 'work.AND2X1:module'.
Resolved design unit 'INVX1' at 'tb_syn.uut@cardinal_nic<module>.U496' to 'work.INVX1:module'.
Resolved design unit 'AND2X1' at 'tb_syn.uut@cardinal_nic<module>.U497' to 'work.AND2X1:module'.
Resolved design unit 'INVX1' at 'tb_syn.uut@cardinal_nic<module>.U498' to 'work.INVX1:module'.
Resolved design unit 'AND2X1' at 'tb_syn.uut@cardinal_nic<module>.U499' to 'work.AND2X1:module'.
Resolved design unit 'INVX1' at 'tb_syn.uut@cardinal_nic<module>.U500' to 'work.INVX1:module'.
Resolved design unit 'AND2X1' at 'tb_syn.uut@cardinal_nic<module>.U501' to 'work.AND2X1:module'.
Resolved design unit 'INVX1' at 'tb_syn.uut@cardinal_nic<module>.U502' to 'work.INVX1:module'.
Resolved design unit 'AND2X1' at 'tb_syn.uut@cardinal_nic<module>.U503' to 'work.AND2X1:module'.
Resolved design unit 'INVX1' at 'tb_syn.uut@cardinal_nic<module>.U504' to 'work.INVX1:module'.
Resolved design unit 'AND2X1' at 'tb_syn.uut@cardinal_nic<module>.U505' to 'work.AND2X1:module'.
Resolved design unit 'INVX1' at 'tb_syn.uut@cardinal_nic<module>.U506' to 'work.INVX1:module'.
Resolved design unit 'AND2X1' at 'tb_syn.uut@cardinal_nic<module>.U507' to 'work.AND2X1:module'.
Resolved design unit 'INVX1' at 'tb_syn.uut@cardinal_nic<module>.U508' to 'work.INVX1:module'.
Resolved design unit 'AND2X1' at 'tb_syn.uut@cardinal_nic<module>.U509' to 'work.AND2X1:module'.
Resolved design unit 'INVX1' at 'tb_syn.uut@cardinal_nic<module>.U510' to 'work.INVX1:module'.
Resolved design unit 'AND2X1' at 'tb_syn.uut@cardinal_nic<module>.U511' to 'work.AND2X1:module'.
Resolved design unit 'INVX1' at 'tb_syn.uut@cardinal_nic<module>.U512' to 'work.INVX1:module'.
Resolved design unit 'AND2X1' at 'tb_syn.uut@cardinal_nic<module>.U513' to 'work.AND2X1:module'.
Resolved design unit 'INVX1' at 'tb_syn.uut@cardinal_nic<module>.U514' to 'work.INVX1:module'.
Resolved design unit 'AND2X1' at 'tb_syn.uut@cardinal_nic<module>.U515' to 'work.AND2X1:module'.
Resolved design unit 'INVX1' at 'tb_syn.uut@cardinal_nic<module>.U516' to 'work.INVX1:module'.
Resolved design unit 'AND2X1' at 'tb_syn.uut@cardinal_nic<module>.U517' to 'work.AND2X1:module'.
Resolved design unit 'INVX1' at 'tb_syn.uut@cardinal_nic<module>.U518' to 'work.INVX1:module'.
Resolved design unit 'AND2X1' at 'tb_syn.uut@cardinal_nic<module>.U519' to 'work.AND2X1:module'.
Resolved design unit 'INVX1' at 'tb_syn.uut@cardinal_nic<module>.U520' to 'work.INVX1:module'.
Resolved design unit 'AND2X1' at 'tb_syn.uut@cardinal_nic<module>.U521' to 'work.AND2X1:module'.
Resolved design unit 'INVX1' at 'tb_syn.uut@cardinal_nic<module>.U522' to 'work.INVX1:module'.
Resolved design unit 'AND2X1' at 'tb_syn.uut@cardinal_nic<module>.U523' to 'work.AND2X1:module'.
Resolved design unit 'INVX1' at 'tb_syn.uut@cardinal_nic<module>.U524' to 'work.INVX1:module'.
Resolved design unit 'AND2X1' at 'tb_syn.uut@cardinal_nic<module>.U525' to 'work.AND2X1:module'.
Resolved design unit 'INVX1' at 'tb_syn.uut@cardinal_nic<module>.U526' to 'work.INVX1:module'.
Resolved design unit 'AND2X1' at 'tb_syn.uut@cardinal_nic<module>.U527' to 'work.AND2X1:module'.
Resolved design unit 'INVX1' at 'tb_syn.uut@cardinal_nic<module>.U528' to 'work.INVX1:module'.
Resolved design unit 'AND2X1' at 'tb_syn.uut@cardinal_nic<module>.U529' to 'work.AND2X1:module'.
Resolved design unit 'INVX1' at 'tb_syn.uut@cardinal_nic<module>.U530' to 'work.INVX1:module'.
Resolved design unit 'AND2X1' at 'tb_syn.uut@cardinal_nic<module>.U531' to 'work.AND2X1:module'.
Resolved design unit 'INVX1' at 'tb_syn.uut@cardinal_nic<module>.U532' to 'work.INVX1:module'.
Resolved design unit 'BUFX2' at 'tb_syn.uut@cardinal_nic<module>.U533' to 'work.BUFX2:module'.
Resolved design unit 'BUFX2' at 'tb_syn.uut@cardinal_nic<module>.U534' to 'work.BUFX2:module'.
Resolved design unit 'AND2X1' at 'tb_syn.uut@cardinal_nic<module>.U535' to 'work.AND2X1:module'.
Resolved design unit 'INVX1' at 'tb_syn.uut@cardinal_nic<module>.U536' to 'work.INVX1:module'.
Resolved design unit 'AND2X1' at 'tb_syn.uut@cardinal_nic<module>.U537' to 'work.AND2X1:module'.
Resolved design unit 'INVX1' at 'tb_syn.uut@cardinal_nic<module>.U538' to 'work.INVX1:module'.
Resolved design unit 'AND2X1' at 'tb_syn.uut@cardinal_nic<module>.U539' to 'work.AND2X1:module'.
Resolved design unit 'INVX1' at 'tb_syn.uut@cardinal_nic<module>.U540' to 'work.INVX1:module'.
Resolved design unit 'AND2X1' at 'tb_syn.uut@cardinal_nic<module>.U541' to 'work.AND2X1:module'.
Resolved design unit 'INVX1' at 'tb_syn.uut@cardinal_nic<module>.U542' to 'work.INVX1:module'.
Resolved design unit 'AND2X1' at 'tb_syn.uut@cardinal_nic<module>.U543' to 'work.AND2X1:module'.
Resolved design unit 'INVX1' at 'tb_syn.uut@cardinal_nic<module>.U544' to 'work.INVX1:module'.
Resolved design unit 'AND2X1' at 'tb_syn.uut@cardinal_nic<module>.U545' to 'work.AND2X1:module'.
Resolved design unit 'INVX1' at 'tb_syn.uut@cardinal_nic<module>.U546' to 'work.INVX1:module'.
Resolved design unit 'AND2X1' at 'tb_syn.uut@cardinal_nic<module>.U547' to 'work.AND2X1:module'.
Resolved design unit 'INVX1' at 'tb_syn.uut@cardinal_nic<module>.U548' to 'work.INVX1:module'.
Resolved design unit 'AND2X1' at 'tb_syn.uut@cardinal_nic<module>.U549' to 'work.AND2X1:module'.
Resolved design unit 'INVX1' at 'tb_syn.uut@cardinal_nic<module>.U550' to 'work.INVX1:module'.
Resolved design unit 'AND2X1' at 'tb_syn.uut@cardinal_nic<module>.U551' to 'work.AND2X1:module'.
Resolved design unit 'INVX1' at 'tb_syn.uut@cardinal_nic<module>.U552' to 'work.INVX1:module'.
Resolved design unit 'AND2X1' at 'tb_syn.uut@cardinal_nic<module>.U553' to 'work.AND2X1:module'.
Resolved design unit 'INVX1' at 'tb_syn.uut@cardinal_nic<module>.U554' to 'work.INVX1:module'.
Resolved design unit 'AND2X1' at 'tb_syn.uut@cardinal_nic<module>.U555' to 'work.AND2X1:module'.
Resolved design unit 'INVX1' at 'tb_syn.uut@cardinal_nic<module>.U556' to 'work.INVX1:module'.
Resolved design unit 'AND2X1' at 'tb_syn.uut@cardinal_nic<module>.U557' to 'work.AND2X1:module'.
Resolved design unit 'INVX1' at 'tb_syn.uut@cardinal_nic<module>.U558' to 'work.INVX1:module'.
Resolved design unit 'AND2X1' at 'tb_syn.uut@cardinal_nic<module>.U559' to 'work.AND2X1:module'.
Resolved design unit 'INVX1' at 'tb_syn.uut@cardinal_nic<module>.U560' to 'work.INVX1:module'.
Resolved design unit 'AND2X1' at 'tb_syn.uut@cardinal_nic<module>.U561' to 'work.AND2X1:module'.
Resolved design unit 'INVX1' at 'tb_syn.uut@cardinal_nic<module>.U562' to 'work.INVX1:module'.
Resolved design unit 'AND2X1' at 'tb_syn.uut@cardinal_nic<module>.U563' to 'work.AND2X1:module'.
Resolved design unit 'INVX1' at 'tb_syn.uut@cardinal_nic<module>.U564' to 'work.INVX1:module'.
Resolved design unit 'AND2X1' at 'tb_syn.uut@cardinal_nic<module>.U565' to 'work.AND2X1:module'.
Resolved design unit 'INVX1' at 'tb_syn.uut@cardinal_nic<module>.U566' to 'work.INVX1:module'.
Resolved design unit 'AND2X1' at 'tb_syn.uut@cardinal_nic<module>.U567' to 'work.AND2X1:module'.
Resolved design unit 'INVX1' at 'tb_syn.uut@cardinal_nic<module>.U568' to 'work.INVX1:module'.
Resolved design unit 'AND2X1' at 'tb_syn.uut@cardinal_nic<module>.U569' to 'work.AND2X1:module'.
Resolved design unit 'INVX1' at 'tb_syn.uut@cardinal_nic<module>.U570' to 'work.INVX1:module'.
Resolved design unit 'AND2X1' at 'tb_syn.uut@cardinal_nic<module>.U571' to 'work.AND2X1:module'.
Resolved design unit 'INVX1' at 'tb_syn.uut@cardinal_nic<module>.U572' to 'work.INVX1:module'.
Resolved design unit 'AND2X1' at 'tb_syn.uut@cardinal_nic<module>.U573' to 'work.AND2X1:module'.
Resolved design unit 'INVX1' at 'tb_syn.uut@cardinal_nic<module>.U574' to 'work.INVX1:module'.
Resolved design unit 'AND2X1' at 'tb_syn.uut@cardinal_nic<module>.U575' to 'work.AND2X1:module'.
Resolved design unit 'INVX1' at 'tb_syn.uut@cardinal_nic<module>.U576' to 'work.INVX1:module'.
Resolved design unit 'AND2X1' at 'tb_syn.uut@cardinal_nic<module>.U577' to 'work.AND2X1:module'.
Resolved design unit 'INVX1' at 'tb_syn.uut@cardinal_nic<module>.U578' to 'work.INVX1:module'.
Resolved design unit 'AND2X1' at 'tb_syn.uut@cardinal_nic<module>.U579' to 'work.AND2X1:module'.
Resolved design unit 'INVX1' at 'tb_syn.uut@cardinal_nic<module>.U580' to 'work.INVX1:module'.
Resolved design unit 'AND2X1' at 'tb_syn.uut@cardinal_nic<module>.U581' to 'work.AND2X1:module'.
Resolved design unit 'INVX1' at 'tb_syn.uut@cardinal_nic<module>.U582' to 'work.INVX1:module'.
Resolved design unit 'AND2X1' at 'tb_syn.uut@cardinal_nic<module>.U583' to 'work.AND2X1:module'.
Resolved design unit 'INVX1' at 'tb_syn.uut@cardinal_nic<module>.U584' to 'work.INVX1:module'.
Resolved design unit 'AND2X1' at 'tb_syn.uut@cardinal_nic<module>.U585' to 'work.AND2X1:module'.
Resolved design unit 'INVX1' at 'tb_syn.uut@cardinal_nic<module>.U586' to 'work.INVX1:module'.
Resolved design unit 'AND2X1' at 'tb_syn.uut@cardinal_nic<module>.U587' to 'work.AND2X1:module'.
Resolved design unit 'INVX1' at 'tb_syn.uut@cardinal_nic<module>.U588' to 'work.INVX1:module'.
Resolved design unit 'AND2X1' at 'tb_syn.uut@cardinal_nic<module>.U589' to 'work.AND2X1:module'.
Resolved design unit 'INVX1' at 'tb_syn.uut@cardinal_nic<module>.U590' to 'work.INVX1:module'.
Resolved design unit 'AND2X1' at 'tb_syn.uut@cardinal_nic<module>.U591' to 'work.AND2X1:module'.
Resolved design unit 'INVX1' at 'tb_syn.uut@cardinal_nic<module>.U592' to 'work.INVX1:module'.
Resolved design unit 'AND2X1' at 'tb_syn.uut@cardinal_nic<module>.U593' to 'work.AND2X1:module'.
Resolved design unit 'INVX1' at 'tb_syn.uut@cardinal_nic<module>.U594' to 'work.INVX1:module'.
Resolved design unit 'AND2X1' at 'tb_syn.uut@cardinal_nic<module>.U595' to 'work.AND2X1:module'.
Resolved design unit 'INVX1' at 'tb_syn.uut@cardinal_nic<module>.U596' to 'work.INVX1:module'.
Resolved design unit 'AND2X1' at 'tb_syn.uut@cardinal_nic<module>.U597' to 'work.AND2X1:module'.
Resolved design unit 'INVX1' at 'tb_syn.uut@cardinal_nic<module>.U598' to 'work.INVX1:module'.
Resolved design unit 'AND2X1' at 'tb_syn.uut@cardinal_nic<module>.U599' to 'work.AND2X1:module'.
Resolved design unit 'INVX1' at 'tb_syn.uut@cardinal_nic<module>.U600' to 'work.INVX1:module'.
Resolved design unit 'AND2X1' at 'tb_syn.uut@cardinal_nic<module>.U601' to 'work.AND2X1:module'.
Resolved design unit 'INVX1' at 'tb_syn.uut@cardinal_nic<module>.U602' to 'work.INVX1:module'.
Resolved design unit 'AND2X1' at 'tb_syn.uut@cardinal_nic<module>.U603' to 'work.AND2X1:module'.
Resolved design unit 'INVX1' at 'tb_syn.uut@cardinal_nic<module>.U604' to 'work.INVX1:module'.
Resolved design unit 'AND2X1' at 'tb_syn.uut@cardinal_nic<module>.U605' to 'work.AND2X1:module'.
Resolved design unit 'INVX1' at 'tb_syn.uut@cardinal_nic<module>.U606' to 'work.INVX1:module'.
Resolved design unit 'AND2X1' at 'tb_syn.uut@cardinal_nic<module>.U607' to 'work.AND2X1:module'.
Resolved design unit 'INVX1' at 'tb_syn.uut@cardinal_nic<module>.U608' to 'work.INVX1:module'.
Resolved design unit 'AND2X1' at 'tb_syn.uut@cardinal_nic<module>.U609' to 'work.AND2X1:module'.
Resolved design unit 'INVX1' at 'tb_syn.uut@cardinal_nic<module>.U610' to 'work.INVX1:module'.
Resolved design unit 'AND2X1' at 'tb_syn.uut@cardinal_nic<module>.U611' to 'work.AND2X1:module'.
Resolved design unit 'INVX1' at 'tb_syn.uut@cardinal_nic<module>.U612' to 'work.INVX1:module'.
Resolved design unit 'AND2X1' at 'tb_syn.uut@cardinal_nic<module>.U613' to 'work.AND2X1:module'.
Resolved design unit 'INVX1' at 'tb_syn.uut@cardinal_nic<module>.U614' to 'work.INVX1:module'.
Resolved design unit 'AND2X1' at 'tb_syn.uut@cardinal_nic<module>.U615' to 'work.AND2X1:module'.
Resolved design unit 'INVX1' at 'tb_syn.uut@cardinal_nic<module>.U616' to 'work.INVX1:module'.
Resolved design unit 'BUFX2' at 'tb_syn.uut@cardinal_nic<module>.U617' to 'work.BUFX2:module'.
Resolved design unit 'AND2X1' at 'tb_syn.uut@cardinal_nic<module>.U618' to 'work.AND2X1:module'.
Resolved design unit 'INVX1' at 'tb_syn.uut@cardinal_nic<module>.U619' to 'work.INVX1:module'.
Resolved design unit 'AND2X1' at 'tb_syn.uut@cardinal_nic<module>.U620' to 'work.AND2X1:module'.
Resolved design unit 'INVX1' at 'tb_syn.uut@cardinal_nic<module>.U621' to 'work.INVX1:module'.
Resolved design unit 'BUFX2' at 'tb_syn.uut@cardinal_nic<module>.U622' to 'work.BUFX2:module'.
Resolved design unit 'BUFX2' at 'tb_syn.uut@cardinal_nic<module>.U623' to 'work.BUFX2:module'.
Resolved design unit 'BUFX2' at 'tb_syn.uut@cardinal_nic<module>.U624' to 'work.BUFX2:module'.
Resolved design unit 'INVX1' at 'tb_syn.uut@cardinal_nic<module>.U625' to 'work.INVX1:module'.
Resolved design unit 'INVX1' at 'tb_syn.uut@cardinal_nic<module>.U626' to 'work.INVX1:module'.
Resolved design unit 'INVX1' at 'tb_syn.uut@cardinal_nic<module>.U627' to 'work.INVX1:module'.
Resolved design unit 'INVX1' at 'tb_syn.uut@cardinal_nic<module>.U628' to 'work.INVX1:module'.
Resolved design unit 'INVX1' at 'tb_syn.uut@cardinal_nic<module>.U629' to 'work.INVX1:module'.
Resolved design unit 'INVX1' at 'tb_syn.uut@cardinal_nic<module>.U630' to 'work.INVX1:module'.
Resolved design unit 'INVX1' at 'tb_syn.uut@cardinal_nic<module>.U631' to 'work.INVX1:module'.
Resolved design unit 'INVX1' at 'tb_syn.uut@cardinal_nic<module>.U632' to 'work.INVX1:module'.
Resolved design unit 'INVX1' at 'tb_syn.uut@cardinal_nic<module>.U633' to 'work.INVX1:module'.
Resolved design unit 'INVX1' at 'tb_syn.uut@cardinal_nic<module>.U634' to 'work.INVX1:module'.
Resolved design unit 'INVX1' at 'tb_syn.uut@cardinal_nic<module>.U635' to 'work.INVX1:module'.
Resolved design unit 'INVX1' at 'tb_syn.uut@cardinal_nic<module>.U636' to 'work.INVX1:module'.
Resolved design unit 'INVX1' at 'tb_syn.uut@cardinal_nic<module>.U637' to 'work.INVX1:module'.
Resolved design unit 'INVX1' at 'tb_syn.uut@cardinal_nic<module>.U638' to 'work.INVX1:module'.
Resolved design unit 'INVX1' at 'tb_syn.uut@cardinal_nic<module>.U639' to 'work.INVX1:module'.
Resolved design unit 'INVX1' at 'tb_syn.uut@cardinal_nic<module>.U640' to 'work.INVX1:module'.
Resolved design unit 'INVX1' at 'tb_syn.uut@cardinal_nic<module>.U641' to 'work.INVX1:module'.
Resolved design unit 'INVX1' at 'tb_syn.uut@cardinal_nic<module>.U642' to 'work.INVX1:module'.
Resolved design unit 'INVX1' at 'tb_syn.uut@cardinal_nic<module>.U643' to 'work.INVX1:module'.
Resolved design unit 'INVX1' at 'tb_syn.uut@cardinal_nic<module>.U644' to 'work.INVX1:module'.
Resolved design unit 'INVX1' at 'tb_syn.uut@cardinal_nic<module>.U645' to 'work.INVX1:module'.
Resolved design unit 'INVX1' at 'tb_syn.uut@cardinal_nic<module>.U646' to 'work.INVX1:module'.
Resolved design unit 'INVX1' at 'tb_syn.uut@cardinal_nic<module>.U647' to 'work.INVX1:module'.
Resolved design unit 'INVX1' at 'tb_syn.uut@cardinal_nic<module>.U648' to 'work.INVX1:module'.
Resolved design unit 'INVX1' at 'tb_syn.uut@cardinal_nic<module>.U649' to 'work.INVX1:module'.
Resolved design unit 'INVX1' at 'tb_syn.uut@cardinal_nic<module>.U650' to 'work.INVX1:module'.
Resolved design unit 'INVX1' at 'tb_syn.uut@cardinal_nic<module>.U651' to 'work.INVX1:module'.
Resolved design unit 'INVX1' at 'tb_syn.uut@cardinal_nic<module>.U652' to 'work.INVX1:module'.
Resolved design unit 'INVX1' at 'tb_syn.uut@cardinal_nic<module>.U653' to 'work.INVX1:module'.
Resolved design unit 'INVX1' at 'tb_syn.uut@cardinal_nic<module>.U654' to 'work.INVX1:module'.
Resolved design unit 'INVX1' at 'tb_syn.uut@cardinal_nic<module>.U655' to 'work.INVX1:module'.
Resolved design unit 'INVX1' at 'tb_syn.uut@cardinal_nic<module>.U656' to 'work.INVX1:module'.
Resolved design unit 'INVX1' at 'tb_syn.uut@cardinal_nic<module>.U657' to 'work.INVX1:module'.
Resolved design unit 'INVX1' at 'tb_syn.uut@cardinal_nic<module>.U658' to 'work.INVX1:module'.
Resolved design unit 'INVX1' at 'tb_syn.uut@cardinal_nic<module>.U659' to 'work.INVX1:module'.
Resolved design unit 'INVX1' at 'tb_syn.uut@cardinal_nic<module>.U660' to 'work.INVX1:module'.
Resolved design unit 'INVX1' at 'tb_syn.uut@cardinal_nic<module>.U661' to 'work.INVX1:module'.
Resolved design unit 'INVX1' at 'tb_syn.uut@cardinal_nic<module>.U662' to 'work.INVX1:module'.
Resolved design unit 'INVX1' at 'tb_syn.uut@cardinal_nic<module>.U663' to 'work.INVX1:module'.
Resolved design unit 'INVX1' at 'tb_syn.uut@cardinal_nic<module>.U664' to 'work.INVX1:module'.
Resolved design unit 'INVX1' at 'tb_syn.uut@cardinal_nic<module>.U665' to 'work.INVX1:module'.
Resolved design unit 'INVX1' at 'tb_syn.uut@cardinal_nic<module>.U666' to 'work.INVX1:module'.
Resolved design unit 'INVX1' at 'tb_syn.uut@cardinal_nic<module>.U667' to 'work.INVX1:module'.
Resolved design unit 'INVX1' at 'tb_syn.uut@cardinal_nic<module>.U668' to 'work.INVX1:module'.
Resolved design unit 'INVX1' at 'tb_syn.uut@cardinal_nic<module>.U669' to 'work.INVX1:module'.
Resolved design unit 'INVX1' at 'tb_syn.uut@cardinal_nic<module>.U670' to 'work.INVX1:module'.
Resolved design unit 'INVX1' at 'tb_syn.uut@cardinal_nic<module>.U671' to 'work.INVX1:module'.
Resolved design unit 'INVX1' at 'tb_syn.uut@cardinal_nic<module>.U672' to 'work.INVX1:module'.
Resolved design unit 'INVX1' at 'tb_syn.uut@cardinal_nic<module>.U673' to 'work.INVX1:module'.
Resolved design unit 'INVX1' at 'tb_syn.uut@cardinal_nic<module>.U674' to 'work.INVX1:module'.
Resolved design unit 'INVX1' at 'tb_syn.uut@cardinal_nic<module>.U675' to 'work.INVX1:module'.
Resolved design unit 'INVX1' at 'tb_syn.uut@cardinal_nic<module>.U676' to 'work.INVX1:module'.
Resolved design unit 'INVX1' at 'tb_syn.uut@cardinal_nic<module>.U677' to 'work.INVX1:module'.
Resolved design unit 'INVX1' at 'tb_syn.uut@cardinal_nic<module>.U678' to 'work.INVX1:module'.
Resolved design unit 'INVX1' at 'tb_syn.uut@cardinal_nic<module>.U679' to 'work.INVX1:module'.
Resolved design unit 'INVX1' at 'tb_syn.uut@cardinal_nic<module>.U680' to 'work.INVX1:module'.
Resolved design unit 'INVX1' at 'tb_syn.uut@cardinal_nic<module>.U681' to 'work.INVX1:module'.
Resolved design unit 'INVX1' at 'tb_syn.uut@cardinal_nic<module>.U682' to 'work.INVX1:module'.
Resolved design unit 'INVX1' at 'tb_syn.uut@cardinal_nic<module>.U683' to 'work.INVX1:module'.
Resolved design unit 'INVX1' at 'tb_syn.uut@cardinal_nic<module>.U684' to 'work.INVX1:module'.
Resolved design unit 'INVX1' at 'tb_syn.uut@cardinal_nic<module>.U685' to 'work.INVX1:module'.
Resolved design unit 'INVX1' at 'tb_syn.uut@cardinal_nic<module>.U686' to 'work.INVX1:module'.
Resolved design unit 'INVX1' at 'tb_syn.uut@cardinal_nic<module>.U687' to 'work.INVX1:module'.
Resolved design unit 'INVX1' at 'tb_syn.uut@cardinal_nic<module>.U688' to 'work.INVX1:module'.
Resolved design unit 'INVX1' at 'tb_syn.uut@cardinal_nic<module>.U689' to 'work.INVX1:module'.
Resolved design unit 'INVX1' at 'tb_syn.uut@cardinal_nic<module>.U690' to 'work.INVX1:module'.
Resolved design unit 'INVX1' at 'tb_syn.uut@cardinal_nic<module>.U691' to 'work.INVX1:module'.
Resolved design unit 'INVX1' at 'tb_syn.uut@cardinal_nic<module>.U692' to 'work.INVX1:module'.
Resolved design unit 'INVX1' at 'tb_syn.uut@cardinal_nic<module>.U693' to 'work.INVX1:module'.
Resolved design unit 'INVX1' at 'tb_syn.uut@cardinal_nic<module>.U694' to 'work.INVX1:module'.
Resolved design unit 'INVX1' at 'tb_syn.uut@cardinal_nic<module>.U695' to 'work.INVX1:module'.
Resolved design unit 'INVX1' at 'tb_syn.uut@cardinal_nic<module>.U696' to 'work.INVX1:module'.
Resolved design unit 'INVX1' at 'tb_syn.uut@cardinal_nic<module>.U697' to 'work.INVX1:module'.
Resolved design unit 'INVX1' at 'tb_syn.uut@cardinal_nic<module>.U698' to 'work.INVX1:module'.
Resolved design unit 'INVX1' at 'tb_syn.uut@cardinal_nic<module>.U699' to 'work.INVX1:module'.
Resolved design unit 'INVX1' at 'tb_syn.uut@cardinal_nic<module>.U700' to 'work.INVX1:module'.
Resolved design unit 'INVX1' at 'tb_syn.uut@cardinal_nic<module>.U701' to 'work.INVX1:module'.
Resolved design unit 'INVX1' at 'tb_syn.uut@cardinal_nic<module>.U702' to 'work.INVX1:module'.
Resolved design unit 'INVX1' at 'tb_syn.uut@cardinal_nic<module>.U703' to 'work.INVX1:module'.
Resolved design unit 'INVX1' at 'tb_syn.uut@cardinal_nic<module>.U704' to 'work.INVX1:module'.
Resolved design unit 'INVX1' at 'tb_syn.uut@cardinal_nic<module>.U705' to 'work.INVX1:module'.
Resolved design unit 'INVX1' at 'tb_syn.uut@cardinal_nic<module>.U706' to 'work.INVX1:module'.
Resolved design unit 'INVX1' at 'tb_syn.uut@cardinal_nic<module>.U707' to 'work.INVX1:module'.
Resolved design unit 'INVX1' at 'tb_syn.uut@cardinal_nic<module>.U708' to 'work.INVX1:module'.
Resolved design unit 'INVX1' at 'tb_syn.uut@cardinal_nic<module>.U709' to 'work.INVX1:module'.
Resolved design unit 'INVX1' at 'tb_syn.uut@cardinal_nic<module>.U710' to 'work.INVX1:module'.
Resolved design unit 'INVX1' at 'tb_syn.uut@cardinal_nic<module>.U711' to 'work.INVX1:module'.
Resolved design unit 'INVX1' at 'tb_syn.uut@cardinal_nic<module>.U712' to 'work.INVX1:module'.
Resolved design unit 'INVX1' at 'tb_syn.uut@cardinal_nic<module>.U713' to 'work.INVX1:module'.
Resolved design unit 'INVX1' at 'tb_syn.uut@cardinal_nic<module>.U714' to 'work.INVX1:module'.
Resolved design unit 'INVX1' at 'tb_syn.uut@cardinal_nic<module>.U715' to 'work.INVX1:module'.
Resolved design unit 'INVX1' at 'tb_syn.uut@cardinal_nic<module>.U716' to 'work.INVX1:module'.
Resolved design unit 'INVX1' at 'tb_syn.uut@cardinal_nic<module>.U717' to 'work.INVX1:module'.
Resolved design unit 'INVX1' at 'tb_syn.uut@cardinal_nic<module>.U718' to 'work.INVX1:module'.
Resolved design unit 'INVX1' at 'tb_syn.uut@cardinal_nic<module>.U719' to 'work.INVX1:module'.
Resolved design unit 'INVX1' at 'tb_syn.uut@cardinal_nic<module>.U720' to 'work.INVX1:module'.
Resolved design unit 'INVX1' at 'tb_syn.uut@cardinal_nic<module>.U721' to 'work.INVX1:module'.
Resolved design unit 'INVX1' at 'tb_syn.uut@cardinal_nic<module>.U722' to 'work.INVX1:module'.
Resolved design unit 'INVX1' at 'tb_syn.uut@cardinal_nic<module>.U723' to 'work.INVX1:module'.
Resolved design unit 'INVX1' at 'tb_syn.uut@cardinal_nic<module>.U724' to 'work.INVX1:module'.
Resolved design unit 'INVX1' at 'tb_syn.uut@cardinal_nic<module>.U725' to 'work.INVX1:module'.
Resolved design unit 'INVX1' at 'tb_syn.uut@cardinal_nic<module>.U726' to 'work.INVX1:module'.
Resolved design unit 'INVX1' at 'tb_syn.uut@cardinal_nic<module>.U727' to 'work.INVX1:module'.
Resolved design unit 'INVX1' at 'tb_syn.uut@cardinal_nic<module>.U728' to 'work.INVX1:module'.
Resolved design unit 'INVX1' at 'tb_syn.uut@cardinal_nic<module>.U729' to 'work.INVX1:module'.
Resolved design unit 'INVX1' at 'tb_syn.uut@cardinal_nic<module>.U730' to 'work.INVX1:module'.
Resolved design unit 'INVX1' at 'tb_syn.uut@cardinal_nic<module>.U731' to 'work.INVX1:module'.
Resolved design unit 'INVX1' at 'tb_syn.uut@cardinal_nic<module>.U732' to 'work.INVX1:module'.
Resolved design unit 'INVX1' at 'tb_syn.uut@cardinal_nic<module>.U733' to 'work.INVX1:module'.
Resolved design unit 'INVX1' at 'tb_syn.uut@cardinal_nic<module>.U734' to 'work.INVX1:module'.
Resolved design unit 'INVX1' at 'tb_syn.uut@cardinal_nic<module>.U735' to 'work.INVX1:module'.
Resolved design unit 'INVX1' at 'tb_syn.uut@cardinal_nic<module>.U736' to 'work.INVX1:module'.
Resolved design unit 'INVX1' at 'tb_syn.uut@cardinal_nic<module>.U737' to 'work.INVX1:module'.
Resolved design unit 'INVX1' at 'tb_syn.uut@cardinal_nic<module>.U738' to 'work.INVX1:module'.
Resolved design unit 'INVX1' at 'tb_syn.uut@cardinal_nic<module>.U739' to 'work.INVX1:module'.
Resolved design unit 'INVX1' at 'tb_syn.uut@cardinal_nic<module>.U740' to 'work.INVX1:module'.
Resolved design unit 'INVX1' at 'tb_syn.uut@cardinal_nic<module>.U741' to 'work.INVX1:module'.
Resolved design unit 'INVX1' at 'tb_syn.uut@cardinal_nic<module>.U742' to 'work.INVX1:module'.
Resolved design unit 'INVX1' at 'tb_syn.uut@cardinal_nic<module>.U743' to 'work.INVX1:module'.
Resolved design unit 'INVX1' at 'tb_syn.uut@cardinal_nic<module>.U744' to 'work.INVX1:module'.
Resolved design unit 'INVX1' at 'tb_syn.uut@cardinal_nic<module>.U745' to 'work.INVX1:module'.
Resolved design unit 'INVX1' at 'tb_syn.uut@cardinal_nic<module>.U746' to 'work.INVX1:module'.
Resolved design unit 'INVX1' at 'tb_syn.uut@cardinal_nic<module>.U747' to 'work.INVX1:module'.
Resolved design unit 'INVX1' at 'tb_syn.uut@cardinal_nic<module>.U748' to 'work.INVX1:module'.
Resolved design unit 'INVX1' at 'tb_syn.uut@cardinal_nic<module>.U749' to 'work.INVX1:module'.
Resolved design unit 'INVX1' at 'tb_syn.uut@cardinal_nic<module>.U750' to 'work.INVX1:module'.
Resolved design unit 'INVX1' at 'tb_syn.uut@cardinal_nic<module>.U751' to 'work.INVX1:module'.
Resolved design unit 'INVX1' at 'tb_syn.uut@cardinal_nic<module>.U752' to 'work.INVX1:module'.
Resolved design unit 'INVX1' at 'tb_syn.uut@cardinal_nic<module>.U753' to 'work.INVX1:module'.
Resolved design unit 'INVX1' at 'tb_syn.uut@cardinal_nic<module>.U754' to 'work.INVX1:module'.
Resolved design unit 'INVX1' at 'tb_syn.uut@cardinal_nic<module>.U755' to 'work.INVX1:module'.
Resolved design unit 'INVX1' at 'tb_syn.uut@cardinal_nic<module>.U756' to 'work.INVX1:module'.
Resolved design unit 'INVX1' at 'tb_syn.uut@cardinal_nic<module>.U757' to 'work.INVX1:module'.
Resolved design unit 'INVX1' at 'tb_syn.uut@cardinal_nic<module>.U758' to 'work.INVX1:module'.
Resolved design unit 'INVX1' at 'tb_syn.uut@cardinal_nic<module>.U759' to 'work.INVX1:module'.
Resolved design unit 'INVX1' at 'tb_syn.uut@cardinal_nic<module>.U760' to 'work.INVX1:module'.
Resolved design unit 'INVX1' at 'tb_syn.uut@cardinal_nic<module>.U761' to 'work.INVX1:module'.
Resolved design unit 'INVX1' at 'tb_syn.uut@cardinal_nic<module>.U762' to 'work.INVX1:module'.
Resolved design unit 'INVX1' at 'tb_syn.uut@cardinal_nic<module>.U763' to 'work.INVX1:module'.
Resolved design unit 'INVX1' at 'tb_syn.uut@cardinal_nic<module>.U764' to 'work.INVX1:module'.
Resolved design unit 'INVX1' at 'tb_syn.uut@cardinal_nic<module>.U765' to 'work.INVX1:module'.
Resolved design unit 'INVX1' at 'tb_syn.uut@cardinal_nic<module>.U766' to 'work.INVX1:module'.
Resolved design unit 'INVX1' at 'tb_syn.uut@cardinal_nic<module>.U767' to 'work.INVX1:module'.
Resolved design unit 'INVX1' at 'tb_syn.uut@cardinal_nic<module>.U768' to 'work.INVX1:module'.
Resolved design unit 'INVX1' at 'tb_syn.uut@cardinal_nic<module>.U769' to 'work.INVX1:module'.
Resolved design unit 'INVX1' at 'tb_syn.uut@cardinal_nic<module>.U770' to 'work.INVX1:module'.
Resolved design unit 'INVX1' at 'tb_syn.uut@cardinal_nic<module>.U771' to 'work.INVX1:module'.
Resolved design unit 'INVX1' at 'tb_syn.uut@cardinal_nic<module>.U772' to 'work.INVX1:module'.
Resolved design unit 'INVX1' at 'tb_syn.uut@cardinal_nic<module>.U773' to 'work.INVX1:module'.
Resolved design unit 'INVX1' at 'tb_syn.uut@cardinal_nic<module>.U774' to 'work.INVX1:module'.
Resolved design unit 'INVX1' at 'tb_syn.uut@cardinal_nic<module>.U775' to 'work.INVX1:module'.
Resolved design unit 'INVX1' at 'tb_syn.uut@cardinal_nic<module>.U776' to 'work.INVX1:module'.
Resolved design unit 'INVX1' at 'tb_syn.uut@cardinal_nic<module>.U777' to 'work.INVX1:module'.
Resolved design unit 'INVX1' at 'tb_syn.uut@cardinal_nic<module>.U778' to 'work.INVX1:module'.
Resolved design unit 'INVX1' at 'tb_syn.uut@cardinal_nic<module>.U779' to 'work.INVX1:module'.
Resolved design unit 'INVX1' at 'tb_syn.uut@cardinal_nic<module>.U780' to 'work.INVX1:module'.
Resolved design unit 'INVX1' at 'tb_syn.uut@cardinal_nic<module>.U781' to 'work.INVX1:module'.
ncelab: *W,CUSFNF: The SDF file "./netlist/cardinal_nic.sdf" not found..
    $sdf_annotate("./netlist/cardinal_nic.sdf", uut,,"sdf.log","MAXIMUM","1.0:1.0:1.0", "FROM_MAXIMUM");
                |
ncelab: *W,CUSSTI (./tb/tb_cardinal_nic_syn.v,200|16): This SDF System Task will be Ignored..
	Building instance overlay tables: .................... Done
	Generating native compiled code:
		work.DFFPOSX1:module <0x53561612>
			streams:   0, words:     0
		work.DFFPOSX1:module <0x54da0a73>
			streams:   0, words:     0
		work.tb_syn:module <0x1cd81d0d>
			streams:  18, words: 33227
	Building instance specific data structures.
	Loading native compiled code:     .................... Done
	Design hierarchy summary:
		                  Instances  Unique
		Modules:                703      13
		UDPs:                   130       1
		Primitives:            1232       5
		Timing outputs:         701      10
		Registers:              142      14
		Scalar wires:           839       -
		Expanded wires:         130       3
		Always blocks:            1       1
		Initial blocks:           5       5
		Pseudo assignments:      10      10
		Timing checks:          780     131
		Simulation timescale:  10ps
	Writing initial simulation snapshot: work.tb_syn:module
TOOL:	ncelab(64)	15.20-s079: Exiting on Dec 02, 2025 at 16:06:36 PST  (total: 00:00:00)
