ncvlog(64): 15.20-s079: (c) Copyright 1995-2019 Cadence Design Systems, Inc.
TOOL:	ncvlog(64)	15.20-s079: Started on Nov 08, 2025 at 13:22:35 PST
ncvlog
    -STATUS
    -MESSAGES
    -UPDATE
    -INCDIR ./include
    -work work
    ./tb/tb_PE.v

file: ./tb/tb_PE.v
      // VSQRT（zero-pad）
              |
ncvlog: *W,NONPRT (./tb/tb_PE.v,372|14): non-printable character (0xa1) ignored.
  // 驅動/比對
     |
ncvlog: *W,NONPRT (./tb/tb_PE.v,407|5): non-printable character (0xc5) ignored.
  // 驅動/比對
       |
ncvlog: *W,NONPRT (./tb/tb_PE.v,407|7): non-printable character (0xb0) ignored.
  // 驅動/比對
        |
ncvlog: *W,NONPRT (./tb/tb_PE.v,407|8): non-printable character (0xca) ignored.
    // 基本位元運算
       |
ncvlog: *W,NONPRT (./tb/tb_PE.v,479|7): non-printable character (0xb0) ignored.
    // 基本位元運算
        |
ncvlog: *W,NONPRT (./tb/tb_PE.v,479|8): non-printable character (0xf2) ignored.
    // 基本位元運算
         |
ncvlog: *W,NONPRT (./tb/tb_PE.v,479|9): non-printable character (0xa5) ignored.
    // 基本位元運算
          |
ncvlog: *W,NONPRT (./tb/tb_PE.v,479|10): non-printable character (0xbb) ignored.
    // 基本位元運算
           |
ncvlog: *W,NONPRT (./tb/tb_PE.v,479|11): non-printable character (0xa6) ignored.
    // 基本位元運算
            |
ncvlog: *W,NONPRT (./tb/tb_PE.v,479|12): non-printable character (0xec) ignored.
    // 基本位元運算
             |
ncvlog: *W,NONPRT (./tb/tb_PE.v,479|13): non-printable character (0xa4) ignored.
    // 基本位元運算
              |
ncvlog: *W,NONPRT (./tb/tb_PE.v,479|14): non-printable character (0xb8) ignored.
    // 基本位元運算
               |
ncvlog: *W,NONPRT (./tb/tb_PE.v,479|15): non-printable character (0xb9) ignored.
    // 基本位元運算
                 |
ncvlog: *W,NONPRT (./tb/tb_PE.v,479|17): non-printable character (0xba) ignored.
    // 基本位元運算
                  |
ncvlog: *W,NONPRT (./tb/tb_PE.v,479|18): non-printable character (0xe2) ignored.
    // 加減（多種 ww）
       |
ncvlog: *W,NONPRT (./tb/tb_PE.v,486|7): non-printable character (0xa5) ignored.
    // 乘法（even/odd）
       |
ncvlog: *W,NONPRT (./tb/tb_PE.v,494|7): non-printable character (0xad) ignored.
    // 乘法（even/odd）
        |
ncvlog: *W,NONPRT (./tb/tb_PE.v,494|8): non-printable character (0xbc) ignored.
    // 乘法（even/odd）
         |
ncvlog: *W,NONPRT (./tb/tb_PE.v,494|9): non-printable character (0xaa) ignored.
    // 乘法（even/odd）
           |
ncvlog: *W,NONPRT (./tb/tb_PE.v,494|11): non-printable character (0xa1) ignored.
    // 位移與旋轉
       |
ncvlog: *W,NONPRT (./tb/tb_PE.v,502|7): non-printable character (0xa6) ignored.
    // 位移與旋轉
        |
ncvlog: *W,NONPRT (./tb/tb_PE.v,502|8): non-printable character (0xec) ignored.
    // 位移與旋轉
         |
ncvlog: *W,NONPRT (./tb/tb_PE.v,502|9): non-printable character (0xb2) ignored.
    // 位移與旋轉
          |
ncvlog: *W,NONPRT (./tb/tb_PE.v,502|10): non-printable character (0xbe) ignored.
    // 位移與旋轉
           |
ncvlog: *W,NONPRT (./tb/tb_PE.v,502|11): non-printable character (0xbb) ignored.
    // 位移與旋轉
             |
ncvlog: *W,NONPRT (./tb/tb_PE.v,502|13): non-printable character (0xb1) ignored.
    // 位移與旋轉
              |
ncvlog: *W,NONPRT (./tb/tb_PE.v,502|14): non-printable character (0xdb) ignored.
    // 位移與旋轉
               |
ncvlog: *W,NONPRT (./tb/tb_PE.v,502|15): non-printable character (0xc2) ignored.
    // 位移與旋轉
                |
ncvlog: *W,NONPRT (./tb/tb_PE.v,502|16): non-printable character (0xe0) ignored.
    // 除與餘（避免除以0）
       |
ncvlog: *W,NONPRT (./tb/tb_PE.v,508|7): non-printable character (0xb0) ignored.
    // 除與餘（避免除以0）
        |
ncvlog: *W,NONPRT (./tb/tb_PE.v,508|8): non-printable character (0xa3) ignored.
    // 除與餘（避免除以0）
         |
ncvlog: *W,NONPRT (./tb/tb_PE.v,508|9): non-printable character (0xbb) ignored.
    // 除與餘（避免除以0）
           |
ncvlog: *W,NONPRT (./tb/tb_PE.v,508|11): non-printable character (0xbe) ignored.
    // 除與餘（避免除以0）
             |
ncvlog: *W,NONPRT (./tb/tb_PE.v,508|13): non-printable character (0xa1) ignored.
    // 平方（even/odd）
       |
ncvlog: *W,NONPRT (./tb/tb_PE.v,513|7): non-printable character (0xa5) ignored.
    // 平方（even/odd）
        |
ncvlog: *W,NONPRT (./tb/tb_PE.v,513|8): non-printable character (0xad) ignored.
    // 平方（even/odd）
         |
ncvlog: *W,NONPRT (./tb/tb_PE.v,513|9): non-printable character (0xa4) ignored.
    // 平方（even/odd）
          |
ncvlog: *W,NONPRT (./tb/tb_PE.v,513|10): non-printable character (0xe8) ignored.
    // 平方（even/odd）
           |
ncvlog: *W,NONPRT (./tb/tb_PE.v,513|11): non-printable character (0xa1) ignored.
    // 開根號
       |
ncvlog: *W,NONPRT (./tb/tb_PE.v,522|7): non-printable character (0xb6) ignored.
	module work.tb_PE
		errors: 0, warnings: 40
ncvlog: Memory Usage - 21.4M program + 28.2M data = 49.6M total
ncvlog: CPU Usage - 0.0s system + 0.0s user = 0.0s total (0.0s, 100.0% cpu)
TOOL:	ncvlog(64)	15.20-s079: Exiting on Nov 08, 2025 at 13:22:35 PST  (total: 00:00:00)
